TpTrace Verbose: 0 : 27432, 2, 2025/09/16, 18:09:15.568, 3120219236027, vstest.console.dll, Version: 17.14.1-release-25302-01 Current process architecture: X64
TpTrace Verbose: 0 : 27432, 2, 2025/09/16, 18:09:15.570, 3120219255521, vstest.console.dll, Runtime location: C:\Program Files\dotnet\shared\Microsoft.NETCore.App\9.0.8
TpTrace Verbose: 0 : 27432, 2, 2025/09/16, 18:09:15.571, 3120219270099, vstest.console.dll, ArtifactProcessingPostProcessModeProcessorExecutor.Initialize: ArtifactProcessingMode.Collect
TpTrace Verbose: 0 : 27432, 2, 2025/09/16, 18:09:15.571, 3120219270916, vstest.console.dll, TestSessionCorrelationIdProcessorModeProcessorExecutor.Initialize: TestSessionCorrelationId '25628_c98fa154-7afc-46a6-b097-cf77f4aeb67c'
TpTrace Information: 0 : 27432, 2, 2025/09/16, 18:09:15.579, 3120219349426, vstest.console.dll, FilePatternParser: The given file D:\Automation\WWT-Automation\bin\Debug\net8.0\fine-code-coverage\build-output\WWT-Automation.dll is a full path.
TpTrace Verbose: 0 : 27432, 2, 2025/09/16, 18:09:15.582, 3120219379536, vstest.console.dll, TestPluginCache.DiscoverTestExtensions: finding test extensions in assemblies ends with: RuntimeProvider.dll TPluginInfo: Microsoft.VisualStudio.TestPlatform.Common.ExtensionFramework.Utilities.TestRuntimePluginInformation TExtension: Microsoft.VisualStudio.TestPlatform.ObjectModel.Host.ITestRuntimeProvider
TpTrace Verbose: 0 : 27432, 2, 2025/09/16, 18:09:15.582, 3120219381712, vstest.console.dll, TestPluginCache.GetExtensionPaths: Filtered extension paths: 
TpTrace Verbose: 0 : 27432, 2, 2025/09/16, 18:09:15.582, 3120219382284, vstest.console.dll, TestPluginCache.GetExtensionPaths: Added default extension paths: C:\Program Files\dotnet\sdk\9.0.304\Extensions\Microsoft.Diagnostics.NETCore.Client.dll
C:\Program Files\dotnet\sdk\9.0.304\Extensions\Microsoft.TestPlatform.Extensions.BlameDataCollector.dll
C:\Program Files\dotnet\sdk\9.0.304\Extensions\Microsoft.TestPlatform.Extensions.EventLogCollector.dll
C:\Program Files\dotnet\sdk\9.0.304\Extensions\Microsoft.TestPlatform.TestHostRuntimeProvider.dll
C:\Program Files\dotnet\sdk\9.0.304\Extensions\Microsoft.VisualStudio.TestPlatform.Extensions.Html.TestLogger.dll
C:\Program Files\dotnet\sdk\9.0.304\Extensions\Microsoft.VisualStudio.TestPlatform.Extensions.Trx.TestLogger.dll
TpTrace Verbose: 0 : 27432, 2, 2025/09/16, 18:09:15.582, 3120219382607, vstest.console.dll, TestPluginCache.GetExtensionPaths: Added unfilterableExtensionPaths: 
TpTrace Information: 0 : 27432, 2, 2025/09/16, 18:09:15.583, 3120219386428, vstest.console.dll, AssemblyResolver.ctor: Creating AssemblyResolver with searchDirectories C:\Program Files\dotnet\sdk\9.0.304\Extensions,C:\Program Files\dotnet\sdk\9.0.304
TpTrace Verbose: 0 : 27432, 2, 2025/09/16, 18:09:15.584, 3120219397248, vstest.console.dll, TestPluginCache.DiscoverTestExtensions: Discovering the extensions using extension path.
TpTrace Verbose: 0 : 27432, 2, 2025/09/16, 18:09:15.584, 3120219398025, vstest.console.dll, TestPluginCache.GetExtensionPaths: Filtered extension paths: 
TpTrace Verbose: 0 : 27432, 2, 2025/09/16, 18:09:15.584, 3120219398328, vstest.console.dll, TestPluginCache.GetExtensionPaths: Added default extension paths: C:\Program Files\dotnet\sdk\9.0.304\Extensions\Microsoft.Diagnostics.NETCore.Client.dll
C:\Program Files\dotnet\sdk\9.0.304\Extensions\Microsoft.TestPlatform.Extensions.BlameDataCollector.dll
C:\Program Files\dotnet\sdk\9.0.304\Extensions\Microsoft.TestPlatform.Extensions.EventLogCollector.dll
C:\Program Files\dotnet\sdk\9.0.304\Extensions\Microsoft.TestPlatform.TestHostRuntimeProvider.dll
C:\Program Files\dotnet\sdk\9.0.304\Extensions\Microsoft.VisualStudio.TestPlatform.Extensions.Html.TestLogger.dll
C:\Program Files\dotnet\sdk\9.0.304\Extensions\Microsoft.VisualStudio.TestPlatform.Extensions.Trx.TestLogger.dll
TpTrace Verbose: 0 : 27432, 2, 2025/09/16, 18:09:15.584, 3120219398622, vstest.console.dll, TestPluginCache.GetExtensionPaths: Added unfilterableExtensionPaths: 
TpTrace Verbose: 0 : 27432, 2, 2025/09/16, 18:09:15.584, 3120219399025, vstest.console.dll, TestPluginCache.DiscoverTestExtensions: Discovering the extensions using allExtensionPaths: C:\Program Files\dotnet\sdk\9.0.304\Extensions\Microsoft.Diagnostics.NETCore.Client.dll
C:\Program Files\dotnet\sdk\9.0.304\Extensions\Microsoft.TestPlatform.Extensions.BlameDataCollector.dll
C:\Program Files\dotnet\sdk\9.0.304\Extensions\Microsoft.TestPlatform.Extensions.EventLogCollector.dll
C:\Program Files\dotnet\sdk\9.0.304\Extensions\Microsoft.TestPlatform.TestHostRuntimeProvider.dll
C:\Program Files\dotnet\sdk\9.0.304\Extensions\Microsoft.VisualStudio.TestPlatform.Extensions.Html.TestLogger.dll
C:\Program Files\dotnet\sdk\9.0.304\Extensions\Microsoft.VisualStudio.TestPlatform.Extensions.Trx.TestLogger.dll
TpTrace Information: 0 : 27432, 2, 2025/09/16, 18:09:15.584, 3120219399980, vstest.console.dll, AssemblyResolver.AddSearchDirectories: Adding more searchDirectories C:\Program Files\dotnet\sdk\9.0.304\Extensions,C:\Program Files\dotnet\sdk\9.0.304
TpTrace Information: 0 : 27432, 2, 2025/09/16, 18:09:15.584, 3120219400417, vstest.console.dll, AssemblyResolver.AddSearchDirectories: Adding more searchDirectories C:\Program Files\dotnet\sdk\9.0.304\Extensions,C:\Program Files\dotnet\sdk\9.0.304
TpTrace Information: 0 : 27432, 2, 2025/09/16, 18:09:15.584, 3120219400693, vstest.console.dll, AssemblyResolver.AddSearchDirectories: Adding more searchDirectories C:\Program Files\dotnet\sdk\9.0.304\Extensions,C:\Program Files\dotnet\sdk\9.0.304
TpTrace Information: 0 : 27432, 2, 2025/09/16, 18:09:15.584, 3120219400957, vstest.console.dll, AssemblyResolver.AddSearchDirectories: Adding more searchDirectories C:\Program Files\dotnet\sdk\9.0.304\Extensions,C:\Program Files\dotnet\sdk\9.0.304
TpTrace Information: 0 : 27432, 2, 2025/09/16, 18:09:15.584, 3120219401200, vstest.console.dll, AssemblyResolver.AddSearchDirectories: Adding more searchDirectories C:\Program Files\dotnet\sdk\9.0.304\Extensions,C:\Program Files\dotnet\sdk\9.0.304
TpTrace Information: 0 : 27432, 2, 2025/09/16, 18:09:15.584, 3120219401432, vstest.console.dll, AssemblyResolver.AddSearchDirectories: Adding more searchDirectories C:\Program Files\dotnet\sdk\9.0.304\Extensions,C:\Program Files\dotnet\sdk\9.0.304
TpTrace Information: 0 : 27432, 2, 2025/09/16, 18:09:15.585, 3120219405083, vstest.console.dll, AssemblyResolver.OnResolve: Microsoft.Diagnostics.NETCore.Client: Resolving assembly.
TpTrace Information: 0 : 27432, 2, 2025/09/16, 18:09:15.585, 3120219405694, vstest.console.dll, AssemblyResolver.OnResolve: Microsoft.Diagnostics.NETCore.Client: Searching in: 'C:\Program Files\dotnet\sdk\9.0.304\Extensions'.
TpTrace Information: 0 : 27432, 2, 2025/09/16, 18:09:15.596, 3120219513400, vstest.console.dll, AssemblyResolver.OnResolve: Microsoft.Diagnostics.NETCore.Client: Loading assembly 'C:\Program Files\dotnet\sdk\9.0.304\Extensions\Microsoft.Diagnostics.NETCore.Client.dll'.
TpTrace Information: 0 : 27432, 2, 2025/09/16, 18:09:15.596, 3120219517743, vstest.console.dll, AssemblyResolver.OnResolve: Resolved assembly: Microsoft.Diagnostics.NETCore.Client, from path: C:\Program Files\dotnet\sdk\9.0.304\Extensions\Microsoft.Diagnostics.NETCore.Client.dll
TpTrace Verbose: 0 : 27432, 2, 2025/09/16, 18:09:15.597, 3120219525279, vstest.console.dll, MetadataReaderExtensionsHelper: Discovering extensions inside assembly 'Microsoft.Diagnostics.NETCore.Client, Version=0.2.12.17301, Culture=neutral, PublicKeyToken=31bf3856ad364e35' file path 'C:\Program Files\dotnet\sdk\9.0.304\Extensions\Microsoft.Diagnostics.NETCore.Client.dll'
TpTrace Information: 0 : 27432, 2, 2025/09/16, 18:09:15.598, 3120219536836, vstest.console.dll, AssemblyResolver.OnResolve: Microsoft.Bcl.AsyncInterfaces: Resolving assembly.
TpTrace Information: 0 : 27432, 2, 2025/09/16, 18:09:15.598, 3120219537305, vstest.console.dll, AssemblyResolver.OnResolve: Microsoft.Bcl.AsyncInterfaces: Searching in: 'C:\Program Files\dotnet\sdk\9.0.304\Extensions'.
TpTrace Information: 0 : 27432, 2, 2025/09/16, 18:09:15.598, 3120219537993, vstest.console.dll, AssemblyResolver.OnResolve: Microsoft.Bcl.AsyncInterfaces: Assembly path does not exist: 'C:\Program Files\dotnet\sdk\9.0.304\Extensions\Microsoft.Bcl.AsyncInterfaces.dll', returning.
TpTrace Information: 0 : 27432, 2, 2025/09/16, 18:09:15.598, 3120219538847, vstest.console.dll, AssemblyResolver.OnResolve: Microsoft.Bcl.AsyncInterfaces: Assembly path does not exist: 'C:\Program Files\dotnet\sdk\9.0.304\Extensions\Microsoft.Bcl.AsyncInterfaces.exe', returning.
TpTrace Information: 0 : 27432, 2, 2025/09/16, 18:09:15.598, 3120219539163, vstest.console.dll, AssemblyResolver.OnResolve: Microsoft.Bcl.AsyncInterfaces: Searching in: 'C:\Program Files\dotnet\sdk\9.0.304'.
TpTrace Information: 0 : 27432, 2, 2025/09/16, 18:09:15.598, 3120219539695, vstest.console.dll, AssemblyResolver.OnResolve: Microsoft.Bcl.AsyncInterfaces: Assembly path does not exist: 'C:\Program Files\dotnet\sdk\9.0.304\Microsoft.Bcl.AsyncInterfaces.dll', returning.
TpTrace Information: 0 : 27432, 2, 2025/09/16, 18:09:15.598, 3120219540198, vstest.console.dll, AssemblyResolver.OnResolve: Microsoft.Bcl.AsyncInterfaces: Assembly path does not exist: 'C:\Program Files\dotnet\sdk\9.0.304\Microsoft.Bcl.AsyncInterfaces.exe', returning.
TpTrace Information: 0 : 27432, 2, 2025/09/16, 18:09:15.598, 3120219540438, vstest.console.dll, AssemblyResolver.OnResolve: Microsoft.Bcl.AsyncInterfaces: Failed to load assembly.
TpTrace Verbose: 0 : 27432, 2, 2025/09/16, 18:09:15.598, 3120219540780, vstest.console.dll, CurrentDomainAssemblyResolve: Resolving assembly 'Microsoft.Bcl.AsyncInterfaces'.
TpTrace Information: 0 : 27432, 2, 2025/09/16, 18:09:15.598, 3120219541209, vstest.console.dll, AssemblyResolver.OnResolve: Microsoft.Bcl.AsyncInterfaces: Resolving assembly.
TpTrace Information: 0 : 27432, 2, 2025/09/16, 18:09:15.598, 3120219541492, vstest.console.dll, AssemblyResolver.OnResolve: Microsoft.Bcl.AsyncInterfaces: Resolved from cache.
TpTrace Verbose: 0 : 27432, 2, 2025/09/16, 18:09:15.598, 3120219541714, vstest.console.dll, CurrentDomainAssemblyResolve: Resolving assembly 'Microsoft.Bcl.AsyncInterfaces'.
TpTrace Verbose: 0 : 27432, 2, 2025/09/16, 18:09:15.598, 3120219541954, vstest.console.dll, CurrentDomainAssemblyResolve: Failed to resolve assembly 'Microsoft.Bcl.AsyncInterfaces'.
TpTrace Verbose: 0 : 27432, 2, 2025/09/16, 18:09:15.599, 3120219548875, vstest.console.dll, CurrentDomainAssemblyResolve: Failed to resolve assembly 'Microsoft.Bcl.AsyncInterfaces'.
TpTrace Information: 0 : 27432, 2, 2025/09/16, 18:09:15.601, 3120219568034, vstest.console.dll, AssemblyResolver.OnResolve: Microsoft.Bcl.AsyncInterfaces: Resolving assembly.
TpTrace Information: 0 : 27432, 2, 2025/09/16, 18:09:15.601, 3120219568435, vstest.console.dll, AssemblyResolver.OnResolve: Microsoft.Bcl.AsyncInterfaces: Resolved from cache.
TpTrace Verbose: 0 : 27432, 2, 2025/09/16, 18:09:15.601, 3120219568682, vstest.console.dll, CurrentDomainAssemblyResolve: Resolving assembly 'Microsoft.Bcl.AsyncInterfaces'.
TpTrace Verbose: 0 : 27432, 2, 2025/09/16, 18:09:15.601, 3120219568949, vstest.console.dll, CurrentDomainAssemblyResolve: Failed to resolve assembly 'Microsoft.Bcl.AsyncInterfaces'.
TpTrace Warning: 0 : 27432, 2, 2025/09/16, 18:09:15.608, 3120219641600, vstest.console.dll, TestPluginDiscoverer: Failed to get types from assembly 'Microsoft.Diagnostics.NETCore.Client, Version=0.2.12.17301, Culture=neutral, PublicKeyToken=31bf3856ad364e35'. Error: System.Reflection.ReflectionTypeLoadException: Unable to load one or more of the requested types.
Could not load file or assembly 'Microsoft.Bcl.AsyncInterfaces, Version=6.0.0.0, Culture=neutral, PublicKeyToken=cc7b13ffcd2ddd51'. The system cannot find the file specified.
Could not load file or assembly 'Microsoft.Bcl.AsyncInterfaces, Version=6.0.0.0, Culture=neutral, PublicKeyToken=cc7b13ffcd2ddd51'. The system cannot find the file specified.
   at System.Reflection.RuntimeModule.GetDefinedTypes()
   at System.Reflection.RuntimeModule.GetTypes()
   at Microsoft.VisualStudio.TestPlatform.Common.ExtensionFramework.TestPluginDiscoverer.GetTestExtensionsFromAssembly[TPluginInfo,TExtension](Assembly assembly, Dictionary`2 pluginInfos, String filePath) in /_/src/Microsoft.TestPlatform.Common/ExtensionFramework/TestPluginDiscoverer.cs:line 159
System.IO.FileNotFoundException: Could not load file or assembly 'Microsoft.Bcl.AsyncInterfaces, Version=6.0.0.0, Culture=neutral, PublicKeyToken=cc7b13ffcd2ddd51'. The system cannot find the file specified.
File name: 'Microsoft.Bcl.AsyncInterfaces, Version=6.0.0.0, Culture=neutral, PublicKeyToken=cc7b13ffcd2ddd51'
 ---> System.IO.FileNotFoundException: Could not load file or assembly 'Microsoft.Bcl.AsyncInterfaces, Culture=neutral, PublicKeyToken=null'. The system cannot find the file specified.
File name: 'Microsoft.Bcl.AsyncInterfaces, Culture=neutral, PublicKeyToken=null'
   at System.Reflection.RuntimeAssembly.InternalLoad(AssemblyName assemblyName, StackCrawlMark& stackMark, AssemblyLoadContext assemblyLoadContext, RuntimeAssembly requestingAssembly, Boolean throwOnFileNotFound)
   at System.Reflection.Assembly.Load(AssemblyName assemblyRef)
   at Microsoft.VisualStudio.TestPlatform.Common.ExtensionFramework.TestPluginCache.CurrentDomainAssemblyResolve(Object sender, AssemblyResolveEventArgs args) in /_/src/Microsoft.TestPlatform.Common/ExtensionFramework/TestPluginCache.cs:line 514
   at System.Runtime.Loader.AssemblyLoadContext.GetFirstResolvedAssemblyFromResolvingEvent(AssemblyName assemblyName)
   at System.Runtime.Loader.AssemblyLoadContext.ResolveUsingEvent(AssemblyName assemblyName)
   at System.Runtime.Loader.AssemblyLoadContext.ResolveUsingResolvingEvent(IntPtr gchManagedAssemblyLoadContext, AssemblyName assemblyName)
System.IO.FileNotFoundException: Could not load file or assembly 'Microsoft.Bcl.AsyncInterfaces, Version=6.0.0.0, Culture=neutral, PublicKeyToken=cc7b13ffcd2ddd51'. The system cannot find the file specified.
File name: 'Microsoft.Bcl.AsyncInterfaces, Version=6.0.0.0, Culture=neutral, PublicKeyToken=cc7b13ffcd2ddd51'
TpTrace Warning: 0 : 27432, 2, 2025/09/16, 18:09:15.609, 3120219644102, vstest.console.dll, LoaderExceptions: System.IO.FileNotFoundException: Could not load file or assembly 'Microsoft.Bcl.AsyncInterfaces, Version=6.0.0.0, Culture=neutral, PublicKeyToken=cc7b13ffcd2ddd51'. The system cannot find the file specified.
File name: 'Microsoft.Bcl.AsyncInterfaces, Version=6.0.0.0, Culture=neutral, PublicKeyToken=cc7b13ffcd2ddd51'
 ---> System.IO.FileNotFoundException: Could not load file or assembly 'Microsoft.Bcl.AsyncInterfaces, Culture=neutral, PublicKeyToken=null'. The system cannot find the file specified.
File name: 'Microsoft.Bcl.AsyncInterfaces, Culture=neutral, PublicKeyToken=null'
   at System.Reflection.RuntimeAssembly.InternalLoad(AssemblyName assemblyName, StackCrawlMark& stackMark, AssemblyLoadContext assemblyLoadContext, RuntimeAssembly requestingAssembly, Boolean throwOnFileNotFound)
   at System.Reflection.Assembly.Load(AssemblyName assemblyRef)
   at Microsoft.VisualStudio.TestPlatform.Common.ExtensionFramework.TestPluginCache.CurrentDomainAssemblyResolve(Object sender, AssemblyResolveEventArgs args) in /_/src/Microsoft.TestPlatform.Common/ExtensionFramework/TestPluginCache.cs:line 514
   at System.Runtime.Loader.AssemblyLoadContext.GetFirstResolvedAssemblyFromResolvingEvent(AssemblyName assemblyName)
   at System.Runtime.Loader.AssemblyLoadContext.ResolveUsingEvent(AssemblyName assemblyName)
   at System.Runtime.Loader.AssemblyLoadContext.ResolveUsingResolvingEvent(IntPtr gchManagedAssemblyLoadContext, AssemblyName assemblyName)
TpTrace Warning: 0 : 27432, 2, 2025/09/16, 18:09:15.609, 3120219644595, vstest.console.dll, LoaderExceptions: System.IO.FileNotFoundException: Could not load file or assembly 'Microsoft.Bcl.AsyncInterfaces, Version=6.0.0.0, Culture=neutral, PublicKeyToken=cc7b13ffcd2ddd51'. The system cannot find the file specified.
File name: 'Microsoft.Bcl.AsyncInterfaces, Version=6.0.0.0, Culture=neutral, PublicKeyToken=cc7b13ffcd2ddd51'
TpTrace Information: 0 : 27432, 2, 2025/09/16, 18:09:15.609, 3120219645422, vstest.console.dll, AssemblyResolver.OnResolve: Microsoft.TestPlatform.Extensions.BlameDataCollector: Resolving assembly.
TpTrace Information: 0 : 27432, 2, 2025/09/16, 18:09:15.609, 3120219646063, vstest.console.dll, AssemblyResolver.OnResolve: Microsoft.TestPlatform.Extensions.BlameDataCollector: Searching in: 'C:\Program Files\dotnet\sdk\9.0.304\Extensions'.
TpTrace Information: 0 : 27432, 2, 2025/09/16, 18:09:15.609, 3120219649339, vstest.console.dll, AssemblyResolver.OnResolve: Microsoft.TestPlatform.Extensions.BlameDataCollector: Loading assembly 'C:\Program Files\dotnet\sdk\9.0.304\Extensions\Microsoft.TestPlatform.Extensions.BlameDataCollector.dll'.
TpTrace Information: 0 : 27432, 2, 2025/09/16, 18:09:15.610, 3120219652932, vstest.console.dll, AssemblyResolver.OnResolve: Resolved assembly: Microsoft.TestPlatform.Extensions.BlameDataCollector, from path: C:\Program Files\dotnet\sdk\9.0.304\Extensions\Microsoft.TestPlatform.Extensions.BlameDataCollector.dll
TpTrace Verbose: 0 : 27432, 2, 2025/09/16, 18:09:15.610, 3120219653544, vstest.console.dll, MetadataReaderExtensionsHelper: Discovering extensions inside assembly 'Microsoft.TestPlatform.Extensions.BlameDataCollector, Version=15.0.0.0, Culture=neutral, PublicKeyToken=b03f5f7f11d50a3a' file path 'C:\Program Files\dotnet\sdk\9.0.304\Extensions\Microsoft.TestPlatform.Extensions.BlameDataCollector.dll'
TpTrace Information: 0 : 27432, 2, 2025/09/16, 18:09:15.611, 3120219663194, vstest.console.dll, AssemblyResolver.OnResolve: Microsoft.TestPlatform.Extensions.EventLogCollector: Resolving assembly.
TpTrace Information: 0 : 27432, 2, 2025/09/16, 18:09:15.611, 3120219663642, vstest.console.dll, AssemblyResolver.OnResolve: Microsoft.TestPlatform.Extensions.EventLogCollector: Searching in: 'C:\Program Files\dotnet\sdk\9.0.304\Extensions'.
TpTrace Information: 0 : 27432, 2, 2025/09/16, 18:09:15.611, 3120219666356, vstest.console.dll, AssemblyResolver.OnResolve: Microsoft.TestPlatform.Extensions.EventLogCollector: Loading assembly 'C:\Program Files\dotnet\sdk\9.0.304\Extensions\Microsoft.TestPlatform.Extensions.EventLogCollector.dll'.
TpTrace Information: 0 : 27432, 2, 2025/09/16, 18:09:15.611, 3120219669448, vstest.console.dll, AssemblyResolver.OnResolve: Resolved assembly: Microsoft.TestPlatform.Extensions.EventLogCollector, from path: C:\Program Files\dotnet\sdk\9.0.304\Extensions\Microsoft.TestPlatform.Extensions.EventLogCollector.dll
TpTrace Verbose: 0 : 27432, 2, 2025/09/16, 18:09:15.611, 3120219669925, vstest.console.dll, MetadataReaderExtensionsHelper: Discovering extensions inside assembly 'Microsoft.TestPlatform.Extensions.EventLogCollector, Version=15.0.0.0, Culture=neutral, PublicKeyToken=b03f5f7f11d50a3a' file path 'C:\Program Files\dotnet\sdk\9.0.304\Extensions\Microsoft.TestPlatform.Extensions.EventLogCollector.dll'
TpTrace Information: 0 : 27432, 2, 2025/09/16, 18:09:15.613, 3120219685668, vstest.console.dll, AssemblyResolver.OnResolve: Microsoft.TestPlatform.TestHostRuntimeProvider: Resolving assembly.
TpTrace Information: 0 : 27432, 2, 2025/09/16, 18:09:15.613, 3120219686073, vstest.console.dll, AssemblyResolver.OnResolve: Microsoft.TestPlatform.TestHostRuntimeProvider: Searching in: 'C:\Program Files\dotnet\sdk\9.0.304\Extensions'.
TpTrace Information: 0 : 27432, 2, 2025/09/16, 18:09:15.613, 3120219688741, vstest.console.dll, AssemblyResolver.OnResolve: Microsoft.TestPlatform.TestHostRuntimeProvider: Loading assembly 'C:\Program Files\dotnet\sdk\9.0.304\Extensions\Microsoft.TestPlatform.TestHostRuntimeProvider.dll'.
TpTrace Information: 0 : 27432, 2, 2025/09/16, 18:09:15.613, 3120219692150, vstest.console.dll, AssemblyResolver.OnResolve: Resolved assembly: Microsoft.TestPlatform.TestHostRuntimeProvider, from path: C:\Program Files\dotnet\sdk\9.0.304\Extensions\Microsoft.TestPlatform.TestHostRuntimeProvider.dll
TpTrace Verbose: 0 : 27432, 2, 2025/09/16, 18:09:15.613, 3120219692609, vstest.console.dll, MetadataReaderExtensionsHelper: Discovering extensions inside assembly 'Microsoft.TestPlatform.TestHostRuntimeProvider, Version=15.0.0.0, Culture=neutral, PublicKeyToken=b03f5f7f11d50a3a' file path 'C:\Program Files\dotnet\sdk\9.0.304\Extensions\Microsoft.TestPlatform.TestHostRuntimeProvider.dll'
TpTrace Information: 0 : 27432, 2, 2025/09/16, 18:09:15.615, 3120219703392, vstest.console.dll, GetTestExtensionFromType: Register extension with identifier data 'HostProvider://DefaultTestHost' and type 'Microsoft.VisualStudio.TestPlatform.CrossPlatEngine.Hosting.DefaultTestHostManager, Microsoft.TestPlatform.TestHostRuntimeProvider, Version=15.0.0.0, Culture=neutral, PublicKeyToken=b03f5f7f11d50a3a' inside file 'C:\Program Files\dotnet\sdk\9.0.304\Extensions\Microsoft.TestPlatform.TestHostRuntimeProvider.dll'
TpTrace Information: 0 : 27432, 2, 2025/09/16, 18:09:15.615, 3120219705149, vstest.console.dll, GetTestExtensionFromType: Register extension with identifier data 'HostProvider://DotnetTestHost' and type 'Microsoft.VisualStudio.TestPlatform.CrossPlatEngine.Hosting.DotnetTestHostManager, Microsoft.TestPlatform.TestHostRuntimeProvider, Version=15.0.0.0, Culture=neutral, PublicKeyToken=b03f5f7f11d50a3a' inside file 'C:\Program Files\dotnet\sdk\9.0.304\Extensions\Microsoft.TestPlatform.TestHostRuntimeProvider.dll'
TpTrace Information: 0 : 27432, 2, 2025/09/16, 18:09:15.615, 3120219705727, vstest.console.dll, AssemblyResolver.OnResolve: Microsoft.VisualStudio.TestPlatform.Extensions.Html.TestLogger: Resolving assembly.
TpTrace Information: 0 : 27432, 2, 2025/09/16, 18:09:15.615, 3120219706021, vstest.console.dll, AssemblyResolver.OnResolve: Microsoft.VisualStudio.TestPlatform.Extensions.Html.TestLogger: Searching in: 'C:\Program Files\dotnet\sdk\9.0.304\Extensions'.
TpTrace Information: 0 : 27432, 2, 2025/09/16, 18:09:15.615, 3120219708786, vstest.console.dll, AssemblyResolver.OnResolve: Microsoft.VisualStudio.TestPlatform.Extensions.Html.TestLogger: Loading assembly 'C:\Program Files\dotnet\sdk\9.0.304\Extensions\Microsoft.VisualStudio.TestPlatform.Extensions.Html.TestLogger.dll'.
TpTrace Information: 0 : 27432, 2, 2025/09/16, 18:09:15.615, 3120219712043, vstest.console.dll, AssemblyResolver.OnResolve: Resolved assembly: Microsoft.VisualStudio.TestPlatform.Extensions.Html.TestLogger, from path: C:\Program Files\dotnet\sdk\9.0.304\Extensions\Microsoft.VisualStudio.TestPlatform.Extensions.Html.TestLogger.dll
TpTrace Verbose: 0 : 27432, 2, 2025/09/16, 18:09:15.615, 3120219712580, vstest.console.dll, MetadataReaderExtensionsHelper: Discovering extensions inside assembly 'Microsoft.VisualStudio.TestPlatform.Extensions.Html.TestLogger, Version=15.0.0.0, Culture=neutral, PublicKeyToken=b03f5f7f11d50a3a' file path 'C:\Program Files\dotnet\sdk\9.0.304\Extensions\Microsoft.VisualStudio.TestPlatform.Extensions.Html.TestLogger.dll'
TpTrace Information: 0 : 27432, 2, 2025/09/16, 18:09:15.616, 3120219718100, vstest.console.dll, AssemblyResolver.OnResolve: Microsoft.VisualStudio.TestPlatform.Extensions.Trx.TestLogger: Resolving assembly.
TpTrace Information: 0 : 27432, 2, 2025/09/16, 18:09:15.616, 3120219718506, vstest.console.dll, AssemblyResolver.OnResolve: Microsoft.VisualStudio.TestPlatform.Extensions.Trx.TestLogger: Searching in: 'C:\Program Files\dotnet\sdk\9.0.304\Extensions'.
TpTrace Information: 0 : 27432, 2, 2025/09/16, 18:09:15.616, 3120219721220, vstest.console.dll, AssemblyResolver.OnResolve: Microsoft.VisualStudio.TestPlatform.Extensions.Trx.TestLogger: Loading assembly 'C:\Program Files\dotnet\sdk\9.0.304\Extensions\Microsoft.VisualStudio.TestPlatform.Extensions.Trx.TestLogger.dll'.
TpTrace Information: 0 : 27432, 2, 2025/09/16, 18:09:15.617, 3120219724556, vstest.console.dll, AssemblyResolver.OnResolve: Resolved assembly: Microsoft.VisualStudio.TestPlatform.Extensions.Trx.TestLogger, from path: C:\Program Files\dotnet\sdk\9.0.304\Extensions\Microsoft.VisualStudio.TestPlatform.Extensions.Trx.TestLogger.dll
TpTrace Verbose: 0 : 27432, 2, 2025/09/16, 18:09:15.617, 3120219725032, vstest.console.dll, MetadataReaderExtensionsHelper: Discovering extensions inside assembly 'Microsoft.VisualStudio.TestPlatform.Extensions.Trx.TestLogger, Version=15.0.0.0, Culture=neutral, PublicKeyToken=b03f5f7f11d50a3a' file path 'C:\Program Files\dotnet\sdk\9.0.304\Extensions\Microsoft.VisualStudio.TestPlatform.Extensions.Trx.TestLogger.dll'
TpTrace Verbose: 0 : 27432, 2, 2025/09/16, 18:09:15.617, 3120219732771, vstest.console.dll, TestPluginCache: Discovered the extensions using extension path ''.
TpTrace Verbose: 0 : 27432, 2, 2025/09/16, 18:09:15.618, 3120219733313, vstest.console.dll, TestPluginCache: Discoverers are ''.
TpTrace Verbose: 0 : 27432, 2, 2025/09/16, 18:09:15.618, 3120219733563, vstest.console.dll, TestPluginCache: Executors are ''.
TpTrace Verbose: 0 : 27432, 2, 2025/09/16, 18:09:15.618, 3120219733768, vstest.console.dll, TestPluginCache: Executors2 are ''.
TpTrace Verbose: 0 : 27432, 2, 2025/09/16, 18:09:15.618, 3120219733964, vstest.console.dll, TestPluginCache: Setting providers are ''.
TpTrace Verbose: 0 : 27432, 2, 2025/09/16, 18:09:15.618, 3120219734158, vstest.console.dll, TestPluginCache: Loggers are ''.
TpTrace Verbose: 0 : 27432, 2, 2025/09/16, 18:09:15.618, 3120219735427, vstest.console.dll, TestPluginCache: TestHosts are 'HostProvider://DefaultTestHost,HostProvider://DotnetTestHost'.
TpTrace Verbose: 0 : 27432, 2, 2025/09/16, 18:09:15.618, 3120219735735, vstest.console.dll, TestPluginCache: DataCollectors are ''.
TpTrace Information: 0 : 27432, 2, 2025/09/16, 18:09:15.627, 3120219826590, vstest.console.dll, RunTestsArgumentProcessor:Execute: Test run is starting.
TpTrace Verbose: 0 : 27432, 2, 2025/09/16, 18:09:15.627, 3120219827151, vstest.console.dll, RunTestsArgumentProcessor:Execute: Queuing Test run.
TpTrace Information: 0 : 27432, 2, 2025/09/16, 18:09:15.627, 3120219828624, vstest.console.dll, TestRequestManager.RunTests: run tests started.
TpTrace Information: 0 : 27432, 2, 2025/09/16, 18:09:15.628, 3120219835491, vstest.console.dll, AssemblyMetadataProvider.GetFrameworkName: Determined framework:'.NETCoreApp,Version=v8.0' for source: 'D:\Automation\WWT-Automation\bin\Debug\net8.0\fine-code-coverage\build-output\WWT-Automation.dll'
TpTrace Information: 0 : 27432, 2, 2025/09/16, 18:09:15.628, 3120219836505, vstest.console.dll, Determined framework for all sources: .NETCoreApp,Version=v8.0
TpTrace Verbose: 0 : 27432, 2, 2025/09/16, 18:09:15.629, 3120219847108, vstest.console.dll, TestRequestManager.UpdateRunSettingsIfRequired: Default architecture: X64 IsDefaultTargetArchitecture: True, Current process architecture: X64 OperatingSystem: Windows.
TpTrace Information: 0 : 27432, 2, 2025/09/16, 18:09:15.630, 3120219857923, vstest.console.dll, AssemblyMetadataProvider.GetArchitecture: Determined architecture:AnyCPU info for assembly: D:\Automation\WWT-Automation\bin\Debug\net8.0\fine-code-coverage\build-output\WWT-Automation.dll
TpTrace Information: 0 : 27432, 2, 2025/09/16, 18:09:15.630, 3120219858395, vstest.console.dll, Determined platform for source 'D:\Automation\WWT-Automation\bin\Debug\net8.0\fine-code-coverage\build-output\WWT-Automation.dll' was AnyCPU and it will use the default plaform X64.
TpTrace Information: 0 : 27432, 2, 2025/09/16, 18:09:15.630, 3120219858633, vstest.console.dll, None of the sources provided any runnable platform, using the default platform: X64
TpTrace Information: 0 : 27432, 2, 2025/09/16, 18:09:15.630, 3120219859179, vstest.console.dll, Platform was updated to 'X64'.
TpTrace Information: 0 : 27432, 2, 2025/09/16, 18:09:15.632, 3120219879612, vstest.console.dll, InferRunSettingsHelper.IsTestSettingsEnabled: Unable to navigate to RunSettings/MSTest. Current node: RunSettings
TpTrace Information: 0 : 27432, 2, 2025/09/16, 18:09:15.633, 3120219883615, vstest.console.dll, AssemblyResolver.OnResolve: Microsoft.VisualStudio.TestPlatform.Fakes: Resolving assembly.
TpTrace Information: 0 : 27432, 2, 2025/09/16, 18:09:15.633, 3120219884027, vstest.console.dll, AssemblyResolver.OnResolve: Microsoft.VisualStudio.TestPlatform.Fakes: Searching in: 'C:\Program Files\dotnet\sdk\9.0.304\Extensions'.
TpTrace Information: 0 : 27432, 2, 2025/09/16, 18:09:15.633, 3120219884781, vstest.console.dll, AssemblyResolver.OnResolve: Microsoft.VisualStudio.TestPlatform.Fakes: Assembly path does not exist: 'C:\Program Files\dotnet\sdk\9.0.304\Extensions\Microsoft.VisualStudio.TestPlatform.Fakes.dll', returning.
TpTrace Information: 0 : 27432, 2, 2025/09/16, 18:09:15.633, 3120219885748, vstest.console.dll, AssemblyResolver.OnResolve: Microsoft.VisualStudio.TestPlatform.Fakes: Assembly path does not exist: 'C:\Program Files\dotnet\sdk\9.0.304\Extensions\Microsoft.VisualStudio.TestPlatform.Fakes.exe', returning.
TpTrace Information: 0 : 27432, 2, 2025/09/16, 18:09:15.633, 3120219886089, vstest.console.dll, AssemblyResolver.OnResolve: Microsoft.VisualStudio.TestPlatform.Fakes: Searching in: 'C:\Program Files\dotnet\sdk\9.0.304'.
TpTrace Information: 0 : 27432, 2, 2025/09/16, 18:09:15.633, 3120219886632, vstest.console.dll, AssemblyResolver.OnResolve: Microsoft.VisualStudio.TestPlatform.Fakes: Assembly path does not exist: 'C:\Program Files\dotnet\sdk\9.0.304\Microsoft.VisualStudio.TestPlatform.Fakes.dll', returning.
TpTrace Information: 0 : 27432, 2, 2025/09/16, 18:09:15.633, 3120219887158, vstest.console.dll, AssemblyResolver.OnResolve: Microsoft.VisualStudio.TestPlatform.Fakes: Assembly path does not exist: 'C:\Program Files\dotnet\sdk\9.0.304\Microsoft.VisualStudio.TestPlatform.Fakes.exe', returning.
TpTrace Information: 0 : 27432, 2, 2025/09/16, 18:09:15.633, 3120219887401, vstest.console.dll, AssemblyResolver.OnResolve: Microsoft.VisualStudio.TestPlatform.Fakes: Failed to load assembly.
TpTrace Information: 0 : 27432, 2, 2025/09/16, 18:09:15.633, 3120219889203, vstest.console.dll, Failed to load assembly Microsoft.VisualStudio.TestPlatform.Fakes, Version=17.0.0.0, Culture=neutral. Reason:System.IO.FileNotFoundException: Could not load file or assembly 'Microsoft.VisualStudio.TestPlatform.Fakes, Version=17.0.0.0, Culture=neutral, PublicKeyToken=null'. The system cannot find the file specified.
File name: 'Microsoft.VisualStudio.TestPlatform.Fakes, Version=17.0.0.0, Culture=neutral, PublicKeyToken=null'
   at System.Reflection.RuntimeAssembly.InternalLoad(AssemblyName assemblyName, StackCrawlMark& stackMark, AssemblyLoadContext assemblyLoadContext, RuntimeAssembly requestingAssembly, Boolean throwOnFileNotFound)
   at System.Reflection.Assembly.Load(AssemblyName assemblyRef)
   at Microsoft.VisualStudio.TestPlatform.Common.Utilities.FakesUtilities.LoadTestPlatformAssembly() in /_/src/Microsoft.TestPlatform.Common/Utilities/FakesUtilities.cs:line 273
TpTrace Verbose: 0 : 27432, 2, 2025/09/16, 18:09:15.635, 3120219908160, vstest.console.dll, TestPluginCache.DiscoverTestExtensions: finding test extensions in assemblies ends with: TestLogger.dll TPluginInfo: Microsoft.VisualStudio.TestPlatform.Common.ExtensionFramework.Utilities.TestLoggerPluginInformation TExtension: Microsoft.VisualStudio.TestPlatform.ObjectModel.Client.ITestLogger
TpTrace Verbose: 0 : 27432, 2, 2025/09/16, 18:09:15.635, 3120219908734, vstest.console.dll, TestPluginCache.GetExtensionPaths: Filtered extension paths: 
TpTrace Verbose: 0 : 27432, 2, 2025/09/16, 18:09:15.635, 3120219909041, vstest.console.dll, TestPluginCache.GetExtensionPaths: Added default extension paths: C:\Program Files\dotnet\sdk\9.0.304\Extensions\Microsoft.Diagnostics.NETCore.Client.dll
C:\Program Files\dotnet\sdk\9.0.304\Extensions\Microsoft.TestPlatform.Extensions.BlameDataCollector.dll
C:\Program Files\dotnet\sdk\9.0.304\Extensions\Microsoft.TestPlatform.Extensions.EventLogCollector.dll
C:\Program Files\dotnet\sdk\9.0.304\Extensions\Microsoft.TestPlatform.TestHostRuntimeProvider.dll
C:\Program Files\dotnet\sdk\9.0.304\Extensions\Microsoft.VisualStudio.TestPlatform.Extensions.Html.TestLogger.dll
C:\Program Files\dotnet\sdk\9.0.304\Extensions\Microsoft.VisualStudio.TestPlatform.Extensions.Trx.TestLogger.dll
TpTrace Verbose: 0 : 27432, 2, 2025/09/16, 18:09:15.635, 3120219909280, vstest.console.dll, TestPluginCache.GetExtensionPaths: Added unfilterableExtensionPaths: 
TpTrace Information: 0 : 27432, 2, 2025/09/16, 18:09:15.635, 3120219910171, vstest.console.dll, AssemblyResolver.AddSearchDirectories: Adding more searchDirectories C:\Program Files\dotnet\sdk\9.0.304\Extensions,C:\Program Files\dotnet\sdk\9.0.304
TpTrace Verbose: 0 : 27432, 2, 2025/09/16, 18:09:15.635, 3120219910528, vstest.console.dll, TestPluginCache.DiscoverTestExtensions: Discovering the extensions using extension path.
TpTrace Verbose: 0 : 27432, 2, 2025/09/16, 18:09:15.635, 3120219910848, vstest.console.dll, TestPluginCache.GetExtensionPaths: Filtered extension paths: 
TpTrace Verbose: 0 : 27432, 2, 2025/09/16, 18:09:15.635, 3120219911134, vstest.console.dll, TestPluginCache.GetExtensionPaths: Added default extension paths: C:\Program Files\dotnet\sdk\9.0.304\Extensions\Microsoft.Diagnostics.NETCore.Client.dll
C:\Program Files\dotnet\sdk\9.0.304\Extensions\Microsoft.TestPlatform.Extensions.BlameDataCollector.dll
C:\Program Files\dotnet\sdk\9.0.304\Extensions\Microsoft.TestPlatform.Extensions.EventLogCollector.dll
C:\Program Files\dotnet\sdk\9.0.304\Extensions\Microsoft.TestPlatform.TestHostRuntimeProvider.dll
C:\Program Files\dotnet\sdk\9.0.304\Extensions\Microsoft.VisualStudio.TestPlatform.Extensions.Html.TestLogger.dll
C:\Program Files\dotnet\sdk\9.0.304\Extensions\Microsoft.VisualStudio.TestPlatform.Extensions.Trx.TestLogger.dll
TpTrace Verbose: 0 : 27432, 2, 2025/09/16, 18:09:15.635, 3120219911369, vstest.console.dll, TestPluginCache.GetExtensionPaths: Added unfilterableExtensionPaths: 
TpTrace Verbose: 0 : 27432, 2, 2025/09/16, 18:09:15.635, 3120219911635, vstest.console.dll, TestPluginCache.DiscoverTestExtensions: Discovering the extensions using allExtensionPaths: C:\Program Files\dotnet\sdk\9.0.304\Extensions\Microsoft.Diagnostics.NETCore.Client.dll
C:\Program Files\dotnet\sdk\9.0.304\Extensions\Microsoft.TestPlatform.Extensions.BlameDataCollector.dll
C:\Program Files\dotnet\sdk\9.0.304\Extensions\Microsoft.TestPlatform.Extensions.EventLogCollector.dll
C:\Program Files\dotnet\sdk\9.0.304\Extensions\Microsoft.TestPlatform.TestHostRuntimeProvider.dll
C:\Program Files\dotnet\sdk\9.0.304\Extensions\Microsoft.VisualStudio.TestPlatform.Extensions.Html.TestLogger.dll
C:\Program Files\dotnet\sdk\9.0.304\Extensions\Microsoft.VisualStudio.TestPlatform.Extensions.Trx.TestLogger.dll
TpTrace Information: 0 : 27432, 2, 2025/09/16, 18:09:15.635, 3120219911963, vstest.console.dll, AssemblyResolver.AddSearchDirectories: Adding more searchDirectories C:\Program Files\dotnet\sdk\9.0.304\Extensions,C:\Program Files\dotnet\sdk\9.0.304
TpTrace Information: 0 : 27432, 2, 2025/09/16, 18:09:15.635, 3120219912224, vstest.console.dll, AssemblyResolver.AddSearchDirectories: Adding more searchDirectories C:\Program Files\dotnet\sdk\9.0.304\Extensions,C:\Program Files\dotnet\sdk\9.0.304
TpTrace Information: 0 : 27432, 2, 2025/09/16, 18:09:15.635, 3120219912502, vstest.console.dll, AssemblyResolver.AddSearchDirectories: Adding more searchDirectories C:\Program Files\dotnet\sdk\9.0.304\Extensions,C:\Program Files\dotnet\sdk\9.0.304
TpTrace Information: 0 : 27432, 2, 2025/09/16, 18:09:15.635, 3120219912737, vstest.console.dll, AssemblyResolver.AddSearchDirectories: Adding more searchDirectories C:\Program Files\dotnet\sdk\9.0.304\Extensions,C:\Program Files\dotnet\sdk\9.0.304
TpTrace Information: 0 : 27432, 2, 2025/09/16, 18:09:15.636, 3120219912966, vstest.console.dll, AssemblyResolver.AddSearchDirectories: Adding more searchDirectories C:\Program Files\dotnet\sdk\9.0.304\Extensions,C:\Program Files\dotnet\sdk\9.0.304
TpTrace Information: 0 : 27432, 2, 2025/09/16, 18:09:15.636, 3120219913235, vstest.console.dll, AssemblyResolver.AddSearchDirectories: Adding more searchDirectories C:\Program Files\dotnet\sdk\9.0.304\Extensions,C:\Program Files\dotnet\sdk\9.0.304
TpTrace Verbose: 0 : 27432, 2, 2025/09/16, 18:09:15.636, 3120219913932, vstest.console.dll, MetadataReaderExtensionsHelper: Discovering extensions inside assembly 'Microsoft.Diagnostics.NETCore.Client, Version=0.2.12.17301, Culture=neutral, PublicKeyToken=31bf3856ad364e35' file path 'C:\Program Files\dotnet\sdk\9.0.304\Extensions\Microsoft.Diagnostics.NETCore.Client.dll'
TpTrace Information: 0 : 27432, 2, 2025/09/16, 18:09:15.636, 3120219920730, vstest.console.dll, AssemblyResolver.OnResolve: Microsoft.Bcl.AsyncInterfaces: Resolving assembly.
TpTrace Information: 0 : 27432, 2, 2025/09/16, 18:09:15.636, 3120219921114, vstest.console.dll, AssemblyResolver.OnResolve: Microsoft.Bcl.AsyncInterfaces: Resolved from cache.
TpTrace Verbose: 0 : 27432, 2, 2025/09/16, 18:09:15.636, 3120219921421, vstest.console.dll, CurrentDomainAssemblyResolve: Resolving assembly 'Microsoft.Bcl.AsyncInterfaces'.
TpTrace Information: 0 : 27432, 2, 2025/09/16, 18:09:15.636, 3120219921766, vstest.console.dll, AssemblyResolver.OnResolve: Microsoft.Bcl.AsyncInterfaces: Resolving assembly.
TpTrace Information: 0 : 27432, 2, 2025/09/16, 18:09:15.636, 3120219922002, vstest.console.dll, AssemblyResolver.OnResolve: Microsoft.Bcl.AsyncInterfaces: Resolved from cache.
TpTrace Verbose: 0 : 27432, 2, 2025/09/16, 18:09:15.636, 3120219922215, vstest.console.dll, CurrentDomainAssemblyResolve: Resolving assembly 'Microsoft.Bcl.AsyncInterfaces'.
TpTrace Verbose: 0 : 27432, 2, 2025/09/16, 18:09:15.636, 3120219922420, vstest.console.dll, CurrentDomainAssemblyResolve: Failed to resolve assembly 'Microsoft.Bcl.AsyncInterfaces'.
TpTrace Verbose: 0 : 27432, 2, 2025/09/16, 18:09:15.637, 3120219923368, vstest.console.dll, CurrentDomainAssemblyResolve: Failed to resolve assembly 'Microsoft.Bcl.AsyncInterfaces'.
TpTrace Information: 0 : 27432, 2, 2025/09/16, 18:09:15.637, 3120219924787, vstest.console.dll, AssemblyResolver.OnResolve: Microsoft.Bcl.AsyncInterfaces: Resolving assembly.
TpTrace Information: 0 : 27432, 2, 2025/09/16, 18:09:15.637, 3120219925071, vstest.console.dll, AssemblyResolver.OnResolve: Microsoft.Bcl.AsyncInterfaces: Resolved from cache.
TpTrace Verbose: 0 : 27432, 2, 2025/09/16, 18:09:15.637, 3120219925294, vstest.console.dll, CurrentDomainAssemblyResolve: Resolving assembly 'Microsoft.Bcl.AsyncInterfaces'.
TpTrace Verbose: 0 : 27432, 2, 2025/09/16, 18:09:15.637, 3120219925547, vstest.console.dll, CurrentDomainAssemblyResolve: Failed to resolve assembly 'Microsoft.Bcl.AsyncInterfaces'.
TpTrace Warning: 0 : 27432, 2, 2025/09/16, 18:09:15.637, 3120219927577, vstest.console.dll, TestPluginDiscoverer: Failed to get types from assembly 'Microsoft.Diagnostics.NETCore.Client, Version=0.2.12.17301, Culture=neutral, PublicKeyToken=31bf3856ad364e35'. Error: System.Reflection.ReflectionTypeLoadException: Unable to load one or more of the requested types.
Could not load file or assembly 'Microsoft.Bcl.AsyncInterfaces, Version=6.0.0.0, Culture=neutral, PublicKeyToken=cc7b13ffcd2ddd51'. The system cannot find the file specified.
Could not load file or assembly 'Microsoft.Bcl.AsyncInterfaces, Version=6.0.0.0, Culture=neutral, PublicKeyToken=cc7b13ffcd2ddd51'. The system cannot find the file specified.
   at System.Reflection.RuntimeModule.GetDefinedTypes()
   at System.Reflection.RuntimeModule.GetTypes()
   at Microsoft.VisualStudio.TestPlatform.Common.ExtensionFramework.TestPluginDiscoverer.GetTestExtensionsFromAssembly[TPluginInfo,TExtension](Assembly assembly, Dictionary`2 pluginInfos, String filePath) in /_/src/Microsoft.TestPlatform.Common/ExtensionFramework/TestPluginDiscoverer.cs:line 159
System.IO.FileNotFoundException: Could not load file or assembly 'Microsoft.Bcl.AsyncInterfaces, Version=6.0.0.0, Culture=neutral, PublicKeyToken=cc7b13ffcd2ddd51'. The system cannot find the file specified.
File name: 'Microsoft.Bcl.AsyncInterfaces, Version=6.0.0.0, Culture=neutral, PublicKeyToken=cc7b13ffcd2ddd51'
 ---> System.IO.FileNotFoundException: Could not load file or assembly 'Microsoft.Bcl.AsyncInterfaces, Culture=neutral, PublicKeyToken=null'. The system cannot find the file specified.
File name: 'Microsoft.Bcl.AsyncInterfaces, Culture=neutral, PublicKeyToken=null'
   at System.Reflection.RuntimeAssembly.InternalLoad(AssemblyName assemblyName, StackCrawlMark& stackMark, AssemblyLoadContext assemblyLoadContext, RuntimeAssembly requestingAssembly, Boolean throwOnFileNotFound)
   at System.Reflection.Assembly.Load(AssemblyName assemblyRef)
   at Microsoft.VisualStudio.TestPlatform.Common.ExtensionFramework.TestPluginCache.CurrentDomainAssemblyResolve(Object sender, AssemblyResolveEventArgs args) in /_/src/Microsoft.TestPlatform.Common/ExtensionFramework/TestPluginCache.cs:line 514
   at System.Runtime.Loader.AssemblyLoadContext.GetFirstResolvedAssemblyFromResolvingEvent(AssemblyName assemblyName)
   at System.Runtime.Loader.AssemblyLoadContext.ResolveUsingEvent(AssemblyName assemblyName)
   at System.Runtime.Loader.AssemblyLoadContext.ResolveUsingResolvingEvent(IntPtr gchManagedAssemblyLoadContext, AssemblyName assemblyName)
System.IO.FileNotFoundException: Could not load file or assembly 'Microsoft.Bcl.AsyncInterfaces, Version=6.0.0.0, Culture=neutral, PublicKeyToken=cc7b13ffcd2ddd51'. The system cannot find the file specified.
File name: 'Microsoft.Bcl.AsyncInterfaces, Version=6.0.0.0, Culture=neutral, PublicKeyToken=cc7b13ffcd2ddd51'
TpTrace Warning: 0 : 27432, 2, 2025/09/16, 18:09:15.637, 3120219928744, vstest.console.dll, LoaderExceptions: System.IO.FileNotFoundException: Could not load file or assembly 'Microsoft.Bcl.AsyncInterfaces, Version=6.0.0.0, Culture=neutral, PublicKeyToken=cc7b13ffcd2ddd51'. The system cannot find the file specified.
File name: 'Microsoft.Bcl.AsyncInterfaces, Version=6.0.0.0, Culture=neutral, PublicKeyToken=cc7b13ffcd2ddd51'
 ---> System.IO.FileNotFoundException: Could not load file or assembly 'Microsoft.Bcl.AsyncInterfaces, Culture=neutral, PublicKeyToken=null'. The system cannot find the file specified.
File name: 'Microsoft.Bcl.AsyncInterfaces, Culture=neutral, PublicKeyToken=null'
   at System.Reflection.RuntimeAssembly.InternalLoad(AssemblyName assemblyName, StackCrawlMark& stackMark, AssemblyLoadContext assemblyLoadContext, RuntimeAssembly requestingAssembly, Boolean throwOnFileNotFound)
   at System.Reflection.Assembly.Load(AssemblyName assemblyRef)
   at Microsoft.VisualStudio.TestPlatform.Common.ExtensionFramework.TestPluginCache.CurrentDomainAssemblyResolve(Object sender, AssemblyResolveEventArgs args) in /_/src/Microsoft.TestPlatform.Common/ExtensionFramework/TestPluginCache.cs:line 514
   at System.Runtime.Loader.AssemblyLoadContext.GetFirstResolvedAssemblyFromResolvingEvent(AssemblyName assemblyName)
   at System.Runtime.Loader.AssemblyLoadContext.ResolveUsingEvent(AssemblyName assemblyName)
   at System.Runtime.Loader.AssemblyLoadContext.ResolveUsingResolvingEvent(IntPtr gchManagedAssemblyLoadContext, AssemblyName assemblyName)
TpTrace Warning: 0 : 27432, 2, 2025/09/16, 18:09:15.637, 3120219929148, vstest.console.dll, LoaderExceptions: System.IO.FileNotFoundException: Could not load file or assembly 'Microsoft.Bcl.AsyncInterfaces, Version=6.0.0.0, Culture=neutral, PublicKeyToken=cc7b13ffcd2ddd51'. The system cannot find the file specified.
File name: 'Microsoft.Bcl.AsyncInterfaces, Version=6.0.0.0, Culture=neutral, PublicKeyToken=cc7b13ffcd2ddd51'
TpTrace Verbose: 0 : 27432, 2, 2025/09/16, 18:09:15.637, 3120219929553, vstest.console.dll, MetadataReaderExtensionsHelper: Discovering extensions inside assembly 'Microsoft.TestPlatform.Extensions.BlameDataCollector, Version=15.0.0.0, Culture=neutral, PublicKeyToken=b03f5f7f11d50a3a' file path 'C:\Program Files\dotnet\sdk\9.0.304\Extensions\Microsoft.TestPlatform.Extensions.BlameDataCollector.dll'
TpTrace Information: 0 : 27432, 2, 2025/09/16, 18:09:15.638, 3120219933377, vstest.console.dll, GetTestExtensionFromType: Register extension with identifier data 'logger://Microsoft/TestPlatform/Extensions/Blame/v1' and type 'Microsoft.TestPlatform.Extensions.BlameDataCollector.BlameLogger, Microsoft.TestPlatform.Extensions.BlameDataCollector, Version=15.0.0.0, Culture=neutral, PublicKeyToken=b03f5f7f11d50a3a' inside file 'C:\Program Files\dotnet\sdk\9.0.304\Extensions\Microsoft.TestPlatform.Extensions.BlameDataCollector.dll'
TpTrace Verbose: 0 : 27432, 2, 2025/09/16, 18:09:15.638, 3120219933860, vstest.console.dll, MetadataReaderExtensionsHelper: Discovering extensions inside assembly 'Microsoft.TestPlatform.Extensions.EventLogCollector, Version=15.0.0.0, Culture=neutral, PublicKeyToken=b03f5f7f11d50a3a' file path 'C:\Program Files\dotnet\sdk\9.0.304\Extensions\Microsoft.TestPlatform.Extensions.EventLogCollector.dll'
TpTrace Verbose: 0 : 27432, 2, 2025/09/16, 18:09:15.638, 3120219936679, vstest.console.dll, MetadataReaderExtensionsHelper: Discovering extensions inside assembly 'Microsoft.TestPlatform.TestHostRuntimeProvider, Version=15.0.0.0, Culture=neutral, PublicKeyToken=b03f5f7f11d50a3a' file path 'C:\Program Files\dotnet\sdk\9.0.304\Extensions\Microsoft.TestPlatform.TestHostRuntimeProvider.dll'
TpTrace Verbose: 0 : 27432, 2, 2025/09/16, 18:09:15.638, 3120219939622, vstest.console.dll, MetadataReaderExtensionsHelper: Discovering extensions inside assembly 'Microsoft.VisualStudio.TestPlatform.Extensions.Html.TestLogger, Version=15.0.0.0, Culture=neutral, PublicKeyToken=b03f5f7f11d50a3a' file path 'C:\Program Files\dotnet\sdk\9.0.304\Extensions\Microsoft.VisualStudio.TestPlatform.Extensions.Html.TestLogger.dll'
TpTrace Information: 0 : 27432, 2, 2025/09/16, 18:09:15.639, 3120219944226, vstest.console.dll, GetTestExtensionFromType: Register extension with identifier data 'logger://Microsoft/TestPlatform/HtmlLogger/v1' and type 'Microsoft.VisualStudio.TestPlatform.Extensions.HtmlLogger.HtmlLogger, Microsoft.VisualStudio.TestPlatform.Extensions.Html.TestLogger, Version=15.0.0.0, Culture=neutral, PublicKeyToken=b03f5f7f11d50a3a' inside file 'C:\Program Files\dotnet\sdk\9.0.304\Extensions\Microsoft.VisualStudio.TestPlatform.Extensions.Html.TestLogger.dll'
TpTrace Verbose: 0 : 27432, 2, 2025/09/16, 18:09:15.639, 3120219944780, vstest.console.dll, MetadataReaderExtensionsHelper: Discovering extensions inside assembly 'Microsoft.VisualStudio.TestPlatform.Extensions.Trx.TestLogger, Version=15.0.0.0, Culture=neutral, PublicKeyToken=b03f5f7f11d50a3a' file path 'C:\Program Files\dotnet\sdk\9.0.304\Extensions\Microsoft.VisualStudio.TestPlatform.Extensions.Trx.TestLogger.dll'
TpTrace Information: 0 : 27432, 2, 2025/09/16, 18:09:15.639, 3120219948490, vstest.console.dll, GetTestExtensionFromType: Register extension with identifier data 'logger://Microsoft/TestPlatform/TrxLogger/v1' and type 'Microsoft.VisualStudio.TestPlatform.Extensions.TrxLogger.TrxLogger, Microsoft.VisualStudio.TestPlatform.Extensions.Trx.TestLogger, Version=15.0.0.0, Culture=neutral, PublicKeyToken=b03f5f7f11d50a3a' inside file 'C:\Program Files\dotnet\sdk\9.0.304\Extensions\Microsoft.VisualStudio.TestPlatform.Extensions.Trx.TestLogger.dll'
TpTrace Verbose: 0 : 27432, 2, 2025/09/16, 18:09:15.639, 3120219949014, vstest.console.dll, TestPluginCache: Discovered the extensions using extension path ''.
TpTrace Verbose: 0 : 27432, 2, 2025/09/16, 18:09:15.639, 3120219949269, vstest.console.dll, TestPluginCache: Discoverers are ''.
TpTrace Verbose: 0 : 27432, 2, 2025/09/16, 18:09:15.639, 3120219949475, vstest.console.dll, TestPluginCache: Executors are ''.
TpTrace Verbose: 0 : 27432, 2, 2025/09/16, 18:09:15.639, 3120219949669, vstest.console.dll, TestPluginCache: Executors2 are ''.
TpTrace Verbose: 0 : 27432, 2, 2025/09/16, 18:09:15.639, 3120219949863, vstest.console.dll, TestPluginCache: Setting providers are ''.
TpTrace Verbose: 0 : 27432, 2, 2025/09/16, 18:09:15.639, 3120219950381, vstest.console.dll, TestPluginCache: Loggers are 'logger://Microsoft/TestPlatform/Extensions/Blame/v1,logger://Microsoft/TestPlatform/HtmlLogger/v1,logger://Microsoft/TestPlatform/TrxLogger/v1'.
TpTrace Verbose: 0 : 27432, 2, 2025/09/16, 18:09:15.639, 3120219950735, vstest.console.dll, TestPluginCache: TestHosts are 'HostProvider://DefaultTestHost,HostProvider://DotnetTestHost'.
TpTrace Verbose: 0 : 27432, 2, 2025/09/16, 18:09:15.639, 3120219950959, vstest.console.dll, TestPluginCache: DataCollectors are ''.
TpTrace Information: 0 : 27432, 2, 2025/09/16, 18:09:15.640, 3120219956222, vstest.console.dll, TestPluginManager.CreateTestExtension: Attempting to load test extension: Microsoft.TestPlatform.Extensions.BlameDataCollector.BlameLogger
TpTrace Verbose: 0 : 27432, 2, 2025/09/16, 18:09:15.646, 3120220013255, vstest.console.dll, TestEngine: Initializing Parallel Execution as MaxCpuCount is set to: 1
TpTrace Information: 0 : 27432, 2, 2025/09/16, 18:09:15.646, 3120220022776, vstest.console.dll, TestPluginManager.CreateTestExtension: Attempting to load test extension: Microsoft.VisualStudio.TestPlatform.CrossPlatEngine.Hosting.DefaultTestHostManager
TpTrace Information: 0 : 27432, 2, 2025/09/16, 18:09:15.647, 3120220029042, vstest.console.dll, TestPluginManager.CreateTestExtension: Attempting to load test extension: Microsoft.VisualStudio.TestPlatform.CrossPlatEngine.Hosting.DotnetTestHostManager
TpTrace Verbose: 0 : 27432, 2, 2025/09/16, 18:09:15.647, 3120220030747, vstest.console.dll, TestHostManagerCallbacks.ctor: Forwarding output is enabled.
TpTrace Information: 0 : 27432, 2, 2025/09/16, 18:09:15.648, 3120220033365, vstest.console.dll, InferRunSettingsHelper.IsTestSettingsEnabled: Unable to navigate to RunSettings/MSTest. Current node: RunSettings
TpTrace Verbose: 0 : 27432, 2, 2025/09/16, 18:09:15.648, 3120220037644, vstest.console.dll, ParallelOperationManager.ClearSlots: Clearing all slots. Slots should accept more work: True
TpTrace Verbose: 0 : 27432, 2, 2025/09/16, 18:09:15.648, 3120220041480, vstest.console.dll, ParallelOperationManager.SetOccupiedSlotCount: Setting slot counts AvailableSlotCount = 1, OccupiedSlotCount = 0.
TpTrace Verbose: 0 : 27432, 2, 2025/09/16, 18:09:15.649, 3120220044529, vstest.console.dll, Occupied slots:

TpTrace Verbose: 0 : 27432, 2, 2025/09/16, 18:09:15.651, 3120220068009, vstest.console.dll, TestEngine.GetExecutionManager: Chosen execution manager 'Microsoft.VisualStudio.TestPlatform.CrossPlatEngine.Client.Parallel.ParallelProxyExecutionManager, Microsoft.TestPlatform.CrossPlatEngine, Version=15.0.0.0, Culture=neutral, PublicKeyToken=b03f5f7f11d50a3a' ParallelLevel '1'.
TpTrace Verbose: 0 : 27432, 2, 2025/09/16, 18:09:15.651, 3120220069013, vstest.console.dll, TestPlatform.GetSkipDefaultAdapters: Not skipping default adapters SkipDefaultAdapters was false.
TpTrace Verbose: 0 : 27432, 2, 2025/09/16, 18:09:15.651, 3120220069639, vstest.console.dll, TestRunRequest.ExecuteAsync: Creating test run request.
TpTrace Verbose: 0 : 27432, 2, 2025/09/16, 18:09:15.651, 3120220071483, vstest.console.dll, TestRunRequest.ExecuteAsync: Starting.
TpTrace Information: 0 : 27432, 2, 2025/09/16, 18:09:15.652, 3120220079567, vstest.console.dll, TestRunRequest.ExecuteAsync: Starting run with settings:TestRunCriteria:
   KeepAlive=False,FrequencyOfRunStatsChangeEvent=10,RunStatsChangeEventTimeout=00:00:01.5000000,TestCaseFilter=,TestExecutorLauncher=
   Settingsxml=<RunSettings>
  <RunConfiguration>
    <ResultsDirectory>D:\Automation\WWT-Automation\bin\Debug\net8.0\fine-code-coverage\coverage-tool-output</ResultsDirectory>
    <TargetPlatform>X64</TargetPlatform>
    <TargetFrameworkVersion>.NETCoreApp,Version=v8.0</TargetFrameworkVersion>
    <DesignMode>False</DesignMode>
    <CollectSourceInformation>False</CollectSourceInformation>
  </RunConfiguration>
  <LoggerRunSettings>
    <Loggers>
      <Logger friendlyName="blame" enabled="True" />
      <Logger friendlyName="Console" uri="logger://microsoft/TestPlatform/ConsoleLogger/v1" assemblyQualifiedName="Microsoft.VisualStudio.TestPlatform.CommandLine.Internal.ConsoleLogger, vstest.console, Version=15.0.0.0, Culture=neutral, PublicKeyToken=b03f5f7f11d50a3a" codeBase="C:\Program Files\dotnet\sdk\9.0.304\vstest.console.dll" enabled="True" />
    </Loggers>
  </LoggerRunSettings>
  <DataCollectionRunSettings>
    <DataCollectors>
      <DataCollector friendlyName="blame" enabled="True">
        <Configuration>
          <ResultsDirectory>D:\Automation\WWT-Automation\bin\Debug\net8.0\fine-code-coverage\coverage-tool-output</ResultsDirectory>
        </Configuration>
      </DataCollector>
    </DataCollectors>
  </DataCollectionRunSettings>
</RunSettings>

TpTrace Verbose: 0 : 27432, 2, 2025/09/16, 18:09:15.652, 3120220080019, vstest.console.dll, TestRunRequest.ExecuteAsync: Wait for the first run request is over.
TpTrace Verbose: 0 : 27432, 2, 2025/09/16, 18:09:15.652, 3120220081785, vstest.console.dll, MulticastDelegateUtilities.SafeInvoke: TestRun.TestRunStart: Invoking callbacks was skipped because there are no subscribers.
TpTrace Verbose: 0 : 27432, 4, 2025/09/16, 18:09:15.653, 3120220083034, vstest.console.dll, MulticastDelegateUtilities.SafeInvoke: InternalTestLoggerEvents.SendTestRunStart: Invoking callback 1/1 for Microsoft.VisualStudio.TestPlatform.CommandLine.Internal.ConsoleLogger., took 0 ms.
TpTrace Verbose: 0 : 27432, 2, 2025/09/16, 18:09:15.653, 3120220089434, vstest.console.dll, ParallelProxyExecutionManager: Start execution. Total sources: 1
TpTrace Verbose: 0 : 27432, 2, 2025/09/16, 18:09:15.653, 3120220091720, vstest.console.dll, ParallelOperationManager.StartWork: Starting adding 1 workloads.
TpTrace Verbose: 0 : 27432, 2, 2025/09/16, 18:09:15.653, 3120220092228, vstest.console.dll, ParallelOperationManager.ClearSlots: Clearing all slots. Slots should accept more work: True
TpTrace Verbose: 0 : 27432, 2, 2025/09/16, 18:09:15.653, 3120220092743, vstest.console.dll, ParallelOperationManager.SetOccupiedSlotCount: Setting slot counts AvailableSlotCount = 1, OccupiedSlotCount = 0.
TpTrace Verbose: 0 : 27432, 2, 2025/09/16, 18:09:15.654, 3120220093028, vstest.console.dll, Occupied slots:

TpTrace Verbose: 0 : 27432, 2, 2025/09/16, 18:09:15.654, 3120220101080, vstest.console.dll, TestHostManagerCallbacks.ctor: Forwarding output is enabled.
TpTrace Verbose: 0 : 27432, 2, 2025/09/16, 18:09:15.654, 3120220102579, vstest.console.dll, TestRequestSender is acting as server.
TpTrace Verbose: 0 : 27432, 2, 2025/09/16, 18:09:15.655, 3120220110995, vstest.console.dll, ParallelOperationManager.RunWorkInParallel: Adding 1 workload to slot, remaining workloads 0.
TpTrace Verbose: 0 : 27432, 2, 2025/09/16, 18:09:15.655, 3120220111427, vstest.console.dll, ParallelOperationManager.SetOccupiedSlotCount: Setting slot counts AvailableSlotCount = 0, OccupiedSlotCount = 1.
TpTrace Verbose: 0 : 27432, 2, 2025/09/16, 18:09:15.655, 3120220112156, vstest.console.dll, Occupied slots:
0: D:\Automation\WWT-Automation\bin\Debug\net8.0\fine-code-coverage\build-output\WWT-Automation.dll
TpTrace Verbose: 0 : 27432, 2, 2025/09/16, 18:09:15.656, 3120220121512, vstest.console.dll, ParallelOperationManager.RunWorkInParallel: Started host in slot number 0 for work (source): D:\Automation\WWT-Automation\bin\Debug\net8.0\fine-code-coverage\build-output\WWT-Automation.dll.
TpTrace Verbose: 0 : 27432, 2, 2025/09/16, 18:09:15.657, 3120220126747, vstest.console.dll, ParallelOperationManager.RunWorkInParallel: We started 1 work items, which is the max parallel level. Won't start more work.
TpTrace Verbose: 0 : 27432, 5, 2025/09/16, 18:09:15.657, 3120220127103, vstest.console.dll, ParallelProxyExecutionManager.StartTestRunOnConcurrentManager: Initializing uninitialized client. Started clients: 0
TpTrace Verbose: 0 : 27432, 2, 2025/09/16, 18:09:15.657, 3120220127139, vstest.console.dll, ParallelOperationManager.RunWorkInParallel: We started 1 work items in here, returning True.
TpTrace Information: 0 : 27432, 2, 2025/09/16, 18:09:15.657, 3120220128017, vstest.console.dll, TestRunRequest.ExecuteAsync: Started.
TpTrace Verbose: 0 : 27432, 5, 2025/09/16, 18:09:15.657, 3120220128260, vstest.console.dll, DataCollectionRequestSender.InitializeCommunication : Initialize communication. 
TpTrace Verbose: 0 : 27432, 2, 2025/09/16, 18:09:15.657, 3120220132137, vstest.console.dll, TestRunRequest.WaitForCompletion: Waiting with timeout -1.
TpTrace Information: 0 : 27432, 5, 2025/09/16, 18:09:15.663, 3120220188062, vstest.console.dll, Listening on Endpoint : 127.0.0.1:53218
TpTrace Verbose: 0 : 27432, 5, 2025/09/16, 18:09:15.668, 3120220238861, vstest.console.dll, DotnetDataCollectionLauncher: Adding  --runtimeconfig "C:\Program Files\dotnet\sdk\9.0.304\datacollector.runtimeconfig.json" in args
TpTrace Verbose: 0 : 27432, 5, 2025/09/16, 18:09:15.668, 3120220239665, vstest.console.dll, DotnetDataCollectionLauncher: Adding  --depsfile "C:\Program Files\dotnet\sdk\9.0.304\datacollector.deps.json" in args
TpTrace Verbose: 0 : 27432, 5, 2025/09/16, 18:09:15.668, 3120220241652, vstest.console.dll, DotnetDataCollectionLauncher: Full path of dotnet.exe is C:\Program Files\dotnet\dotnet.exe
TpTrace Information: 0 : 27432, 5, 2025/09/16, 18:09:15.672, 3120220280506, vstest.console.dll, ProxyDataCollectionManager.Initialize: Launched datacollector processId: 11540 port: 53218
TpTrace Information: 0 : 27432, 5, 2025/09/16, 18:09:15.672, 3120220281471, vstest.console.dll, ProxyDataCollectionManager.Initialize: waiting for connection with timeout: 90 seconds
TpTrace Verbose: 0 : 27432, 5, 2025/09/16, 18:09:15.672, 3120220281863, vstest.console.dll, DataCollectionRequestSender.WaitForRequestHandlerConnection : Waiting for connection with timeout: 90000
TpTrace Information: 0 : 27432, 9, 2025/09/16, 18:09:15.777, 3120221330927, vstest.console.dll, Using the buffer size of 16384 bytes
TpTrace Verbose: 0 : 27432, 5, 2025/09/16, 18:09:15.777, 3120221331056, vstest.console.dll, SocketCommunicationManager.WaitForClientConnection took: 104 ms, with 90000 ms timeout, and finished with True.
TpTrace Information: 0 : 27432, 9, 2025/09/16, 18:09:15.777, 3120221331657, vstest.console.dll, Accepted Client request and set the flag
TpTrace Verbose: 0 : 27432, 5, 2025/09/16, 18:09:15.777, 3120221332466, vstest.console.dll, ProxyDataCollectionManager.InvokeDataCollectionServiceAction: Starting.
TpTrace Information: 0 : 27432, 5, 2025/09/16, 18:09:15.778, 3120221333015, vstest.console.dll, ProxyDataCollectionManager.BeforeTestRunStart: Get environment variable and port for datacollector processId: 11540 port: 53218
TpTrace Verbose: 0 : 27432, 5, 2025/09/16, 18:09:15.778, 3120221333887, vstest.console.dll, DataCollectionRequestSender.SendBeforeTestRunStartAndGetResult: Send BeforeTestRunStart message with settingsXml <RunSettings><RunConfiguration><ResultsDirectory>D:\Automation\WWT-Automation\bin\Debug\net8.0\fine-code-coverage\coverage-tool-output</ResultsDirectory><TargetPlatform>X64</TargetPlatform><TargetFrameworkVersion>.NETCoreApp,Version=v8.0</TargetFrameworkVersion><DesignMode>False</DesignMode><CollectSourceInformation>False</CollectSourceInformation><TestAdaptersPaths>C:\Program Files\dotnet\sdk\9.0.304\Extensions</TestAdaptersPaths></RunConfiguration><LoggerRunSettings><Loggers><Logger friendlyName="blame" enabled="True" /><Logger friendlyName="Console" uri="logger://microsoft/TestPlatform/ConsoleLogger/v1" assemblyQualifiedName="Microsoft.VisualStudio.TestPlatform.CommandLine.Internal.ConsoleLogger, vstest.console, Version=15.0.0.0, Culture=neutral, PublicKeyToken=b03f5f7f11d50a3a" codeBase="C:\Program Files\dotnet\sdk\9.0.304\vstest.console.dll" enabled="True" /></Loggers></LoggerRunSettings><DataCollectionRunSettings><DataCollectors><DataCollector friendlyName="blame" enabled="True"><Configuration><ResultsDirectory>D:\Automation\WWT-Automation\bin\Debug\net8.0\fine-code-coverage\coverage-tool-output</ResultsDirectory></Configuration></DataCollector></DataCollectors></DataCollectionRunSettings></RunSettings> and sources D:\Automation\WWT-Automation\bin\Debug\net8.0\fine-code-coverage\build-output\WWT-Automation.dll: 
TpTrace Verbose: 0 : 27432, 5, 2025/09/16, 18:09:15.817, 3120221728838, vstest.console.dll, DataCollectionRequestSender.SendBeforeTestRunStartAndGetResult: Received message: (DataCollection.SendMessage) -> {"MessageType":"DataCollection.SendMessage","Payload":{"FriendlyName":null,"Uri":null,"TestCaseId":"00000000-0000-0000-0000-000000000000","Message":"Logging DataCollector Diagnostics in file: D:\\Automation\\WWT-Automation\\bin\\Debug\\net8.0\\fine-code-coverage\\coverage-tool-output\\diagnostics.datacollector.25-09-16_18-09-15_66845_5.log","Level":0}}
TpTrace Verbose: 0 : 27432, 5, 2025/09/16, 18:09:15.878, 3120222342454, vstest.console.dll, DataCollectionRequestSender.SendBeforeTestRunStartAndGetResult: Received message: (DataCollection.BeforeTestRunStartResult) -> {"MessageType":"DataCollection.BeforeTestRunStartResult","Payload":{"EnvironmentVariables":{},"DataCollectionEventsPort":53220}}
TpTrace Information: 0 : 27432, 5, 2025/09/16, 18:09:15.881, 3120222372619, vstest.console.dll, ProxyDataCollectionManager.BeforeTestRunStart: SendBeforeTestRunStartAndGetResult successful, env variable from datacollector:   and testhost port: 53220
TpTrace Information: 0 : 27432, 5, 2025/09/16, 18:09:15.882, 3120222373122, vstest.console.dll, ProxyDataCollectionManager.InvokeDataCollectionServiceAction: Completed.
TpTrace Verbose: 0 : 27432, 5, 2025/09/16, 18:09:15.882, 3120222373420, vstest.console.dll, ParallelProxyExecutionManager.StartTestRunOnConcurrentManager: Initializing test run. Started clients: 0
TpTrace Verbose: 0 : 27432, 5, 2025/09/16, 18:09:15.882, 3120222374154, vstest.console.dll, ProxyExecutionManager: Test host is always Lazy initialize.
TpTrace Verbose: 0 : 27432, 5, 2025/09/16, 18:09:15.882, 3120222375662, vstest.console.dll, TestRequestSender.InitializeCommunication: initialize communication. 
TpTrace Information: 0 : 27432, 5, 2025/09/16, 18:09:15.882, 3120222379358, vstest.console.dll, SocketServer.Start: Listening on endpoint : 127.0.0.1:53221
TpTrace Verbose: 0 : 27432, 5, 2025/09/16, 18:09:15.883, 3120222384034, vstest.console.dll, DotnetTestHostmanager.GetTestHostProcessStartInfo: Platform environment 'X64' target architecture 'X64' framework '.NETCoreApp,Version=v8.0' OS 'Windows'
TpTrace Verbose: 0 : 27432, 5, 2025/09/16, 18:09:15.883, 3120222385198, vstest.console.dll, DotnetTestHostmanager: Adding  --runtimeconfig "D:\Automation\WWT-Automation\bin\Debug\net8.0\fine-code-coverage\build-output\WWT-Automation.runtimeconfig.json" in args
TpTrace Verbose: 0 : 27432, 5, 2025/09/16, 18:09:15.883, 3120222385642, vstest.console.dll, DotnetTestHostmanager: Adding  --depsfile "D:\Automation\WWT-Automation\bin\Debug\net8.0\fine-code-coverage\build-output\WWT-Automation.deps.json" in args
TpTrace Verbose: 0 : 27432, 5, 2025/09/16, 18:09:15.883, 3120222386832, vstest.console.dll, DotnetTestHostmanager.IsWinOnArm: Current PROCESSOR_ARCHITECTURE from environment variable 'AMD64'
TpTrace Verbose: 0 : 27432, 5, 2025/09/16, 18:09:15.883, 3120222387276, vstest.console.dll, DotnetTestHostmanager.IsWinOnArm: Is Windows on ARM 'False'
TpTrace Verbose: 0 : 27432, 5, 2025/09/16, 18:09:15.883, 3120222387675, vstest.console.dll, DotnetTestHostManager: testhost.exe found at path: D:\Automation\WWT-Automation\bin\Debug\net8.0\fine-code-coverage\build-output\testhost.exe
TpTrace Verbose: 0 : 27432, 5, 2025/09/16, 18:09:15.883, 3120222388025, vstest.console.dll, DotnetTestHostmanager: Full path of host exe is D:\Automation\WWT-Automation\bin\Debug\net8.0\fine-code-coverage\build-output\testhost.exe
TpTrace Verbose: 0 : 27432, 5, 2025/09/16, 18:09:15.883, 3120222388979, vstest.console.dll, DotnetTestHostmanager.LaunchTestHostAsync: Found 'VSTEST_WINAPPHOST_DOTNET_ROOT' in env variables, value 'C:\Program Files\dotnet', forwarding to 'DOTNET_ROOT'
TpTrace Verbose: 0 : 27432, 5, 2025/09/16, 18:09:15.883, 3120222389932, vstest.console.dll, DotnetTestHostManager: Starting process 'D:\Automation\WWT-Automation\bin\Debug\net8.0\fine-code-coverage\build-output\testhost.exe' with command line ' --runtimeconfig "D:\Automation\WWT-Automation\bin\Debug\net8.0\fine-code-coverage\build-output\WWT-Automation.runtimeconfig.json" --depsfile "D:\Automation\WWT-Automation\bin\Debug\net8.0\fine-code-coverage\build-output\WWT-Automation.deps.json" --port 53221 --endpoint 127.0.0.1:053221 --role client --parentprocessid 27432 --diag "D:\Automation\WWT-Automation\bin\Debug\net8.0\fine-code-coverage\coverage-tool-output\diagnostics.host.25-09-16_18-09-15_88288_5.log" --tracelevel 4 --datacollectionport 53220 --telemetryoptedin false'
TpTrace Verbose: 0 : 27432, 5, 2025/09/16, 18:09:15.887, 3120222427779, vstest.console.dll, MulticastDelegateUtilities.SafeInvoke: HostProviderEvents.OnHostLaunched: Invoking callback 1/2 for Microsoft.VisualStudio.TestPlatform.CrossPlatEngine.Client.ProxyExecutionManagerWithDataCollection., took 0 ms.
TpTrace Verbose: 0 : 27432, 5, 2025/09/16, 18:09:15.887, 3120222430114, vstest.console.dll, Test Runtime launched
TpTrace Verbose: 0 : 27432, 5, 2025/09/16, 18:09:15.887, 3120222430560, vstest.console.dll, MulticastDelegateUtilities.SafeInvoke: HostProviderEvents.OnHostLaunched: Invoking callback 2/2 for Microsoft.VisualStudio.TestPlatform.CrossPlatEngine.Client.ProxyOperationManager., took 0 ms.
TpTrace Verbose: 0 : 27432, 5, 2025/09/16, 18:09:15.887, 3120222431534, vstest.console.dll, TestRequestSender.WaitForRequestHandlerConnection: waiting for connection with timeout: 90000.
TpTrace Verbose: 0 : 27432, 5, 2025/09/16, 18:09:16.005, 3120223610157, vstest.console.dll, TestRequestSender.WaitForRequestHandlerConnection: waiting took 117 ms, with timeout 90000 ms, and result 0, which is success.
TpTrace Verbose: 0 : 27432, 12, 2025/09/16, 18:09:16.005, 3120223610157, vstest.console.dll, MulticastDelegateUtilities.SafeInvoke: SocketServer: ClientConnected: Invoking callback 1/1 for Microsoft.VisualStudio.TestPlatform.CommunicationUtilities.TestRequestSender., took 0 ms.
TpTrace Verbose: 0 : 27432, 12, 2025/09/16, 18:09:16.005, 3120223611580, vstest.console.dll, SocketServer.OnClientConnected: Client connected for endPoint: 127.0.0.1:53221, starting MessageLoopAsync:
TpTrace Verbose: 0 : 27432, 13, 2025/09/16, 18:09:16.006, 3120223615497, vstest.console.dll, TcpClientExtensions.MessageLoopAsync: Polling on remoteEndPoint: 127.0.0.1:53222 localEndPoint: 127.0.0.1:53221 after 0 ms
TpTrace Verbose: 0 : 27432, 5, 2025/09/16, 18:09:16.006, 3120223615807, vstest.console.dll, TestRequestSender.CheckVersionWithTestHost: Sending check version message: {"MessageType":"ProtocolVersion","Payload":7}
TpTrace Verbose: 0 : 27432, 13, 2025/09/16, 18:09:16.080, 3120224360863, vstest.console.dll, TcpClientExtensions.MessageLoopAsync: NotifyDataAvailable remoteEndPoint: 127.0.0.1:53222 localEndPoint: 127.0.0.1:53221
TpTrace Verbose: 0 : 27432, 13, 2025/09/16, 18:09:16.080, 3120224362577, vstest.console.dll, TestRequestSender.CheckVersionWithTestHost: onMessageReceived received message: (ProtocolVersion) -> {"MessageType":"ProtocolVersion","Payload":7}
TpTrace Verbose: 0 : 27432, 13, 2025/09/16, 18:09:16.081, 3120224367198, vstest.console.dll, MulticastDelegateUtilities.SafeInvoke: LengthPrefixCommunicationChannel: MessageReceived: Invoking callback 1/1 for Microsoft.VisualStudio.TestPlatform.CommunicationUtilities.TestRequestSender+<>c__DisplayClass29_0., took 0 ms.
TpTrace Verbose: 0 : 27432, 13, 2025/09/16, 18:09:16.081, 3120224367837, vstest.console.dll, TcpClientExtensions.MessageLoopAsync: Polling on remoteEndPoint: 127.0.0.1:53222 localEndPoint: 127.0.0.1:53221 after 75 ms
TpTrace Verbose: 0 : 27432, 5, 2025/09/16, 18:09:16.081, 3120224368133, vstest.console.dll, TestPluginCache.GetExtensionPaths: Filtered extension paths: 
TpTrace Verbose: 0 : 27432, 5, 2025/09/16, 18:09:16.081, 3120224368587, vstest.console.dll, TestPluginCache.GetExtensionPaths: Added default extension paths: C:\Program Files\dotnet\sdk\9.0.304\Extensions\Microsoft.Diagnostics.NETCore.Client.dll
C:\Program Files\dotnet\sdk\9.0.304\Extensions\Microsoft.TestPlatform.Extensions.BlameDataCollector.dll
C:\Program Files\dotnet\sdk\9.0.304\Extensions\Microsoft.TestPlatform.Extensions.EventLogCollector.dll
C:\Program Files\dotnet\sdk\9.0.304\Extensions\Microsoft.TestPlatform.TestHostRuntimeProvider.dll
C:\Program Files\dotnet\sdk\9.0.304\Extensions\Microsoft.VisualStudio.TestPlatform.Extensions.Html.TestLogger.dll
C:\Program Files\dotnet\sdk\9.0.304\Extensions\Microsoft.VisualStudio.TestPlatform.Extensions.Trx.TestLogger.dll
TpTrace Verbose: 0 : 27432, 5, 2025/09/16, 18:09:16.081, 3120224368895, vstest.console.dll, TestPluginCache.GetExtensionPaths: Added unfilterableExtensionPaths: 
TpTrace Verbose: 0 : 27432, 5, 2025/09/16, 18:09:16.083, 3120224384899, vstest.console.dll, TestRequestSender.InitializeExecution: Sending initialize execution with message: {"Version":7,"MessageType":"TestExecution.Initialize","Payload":["D:\\Automation\\WWT-Automation\\bin\\Debug\\net8.0\\fine-code-coverage\\build-output\\NUnit3.TestAdapter.dll"]}
TpTrace Verbose: 0 : 27432, 5, 2025/09/16, 18:09:16.083, 3120224386181, vstest.console.dll, ParallelProxyExecutionManager.StartTestRunOnConcurrentManager: Execution starting. Started clients: 1
TpTrace Verbose: 0 : 27432, 5, 2025/09/16, 18:09:16.083, 3120224388115, vstest.console.dll, TestRunRequest:SendTestRunMessage: Starting.
TpTrace Verbose: 0 : 27432, 5, 2025/09/16, 18:09:16.083, 3120224389172, vstest.console.dll, MulticastDelegateUtilities.SafeInvoke: TestRun.LogMessages: Invoking callback 1/1 for Microsoft.VisualStudio.TestPlatform.CommandLine.TestRunResultAggregator., took 0 ms.
TpTrace Information: 0 : 27432, 5, 2025/09/16, 18:09:16.083, 3120224389477, vstest.console.dll, TestRunRequest:SendTestRunMessage: Completed.
TpTrace Verbose: 0 : 27432, 4, 2025/09/16, 18:09:16.083, 3120224390617, vstest.console.dll, MulticastDelegateUtilities.SafeInvoke: InternalTestLoggerEvents.SendTestRunMessage: Invoking callback 1/1 for Microsoft.VisualStudio.TestPlatform.CommandLine.Internal.ConsoleLogger., took 0 ms.
TpTrace Warning: 0 : 27432, 5, 2025/09/16, 18:09:16.083, 3120224391939, vstest.console.dll, InferRunSettingsHelper.MakeRunsettingsCompatible: Removing the following settings: TargetPlatform from RunSettings file. To use those settings please move to latest version of Microsoft.NET.Test.Sdk
TpTrace Verbose: 0 : 27432, 13, 2025/09/16, 18:09:16.084, 3120224395757, vstest.console.dll, TcpClientExtensions.MessageLoopAsync: NotifyDataAvailable remoteEndPoint: 127.0.0.1:53222 localEndPoint: 127.0.0.1:53221
TpTrace Verbose: 0 : 27432, 13, 2025/09/16, 18:09:16.084, 3120224397713, vstest.console.dll, TestRequestSender.OnExecutionMessageReceived: Received message: {"Version":7,"MessageType":"TestSession.Message","Payload":{"MessageLevel":0,"Message":"Logging TestHost Diagnostics in file: D:\\Automation\\WWT-Automation\\bin\\Debug\\net8.0\\fine-code-coverage\\coverage-tool-output\\diagnostics.host.25-09-16_18-09-15_88288_5.log"}}
TpTrace Verbose: 0 : 27432, 13, 2025/09/16, 18:09:16.086, 3120224413311, vstest.console.dll, TestRunRequest:SendTestRunMessage: Starting.
TpTrace Verbose: 0 : 27432, 13, 2025/09/16, 18:09:16.086, 3120224414107, vstest.console.dll, MulticastDelegateUtilities.SafeInvoke: TestRun.LogMessages: Invoking callback 1/1 for Microsoft.VisualStudio.TestPlatform.CommandLine.TestRunResultAggregator., took 0 ms.
TpTrace Verbose: 0 : 27432, 4, 2025/09/16, 18:09:16.086, 3120224414275, vstest.console.dll, MulticastDelegateUtilities.SafeInvoke: InternalTestLoggerEvents.SendTestRunMessage: Invoking callback 1/1 for Microsoft.VisualStudio.TestPlatform.CommandLine.Internal.ConsoleLogger., took 0 ms.
TpTrace Information: 0 : 27432, 13, 2025/09/16, 18:09:16.086, 3120224414387, vstest.console.dll, TestRunRequest:SendTestRunMessage: Completed.
TpTrace Verbose: 0 : 27432, 13, 2025/09/16, 18:09:16.086, 3120224415193, vstest.console.dll, MulticastDelegateUtilities.SafeInvoke: LengthPrefixCommunicationChannel: MessageReceived: Invoking callback 1/1 for Microsoft.VisualStudio.TestPlatform.CommunicationUtilities.TestRequestSender+<>c__DisplayClass34_0., took 1 ms.
TpTrace Verbose: 0 : 27432, 13, 2025/09/16, 18:09:16.086, 3120224415489, vstest.console.dll, TcpClientExtensions.MessageLoopAsync: Polling on remoteEndPoint: 127.0.0.1:53222 localEndPoint: 127.0.0.1:53221 after 4 ms
TpTrace Verbose: 0 : 27432, 5, 2025/09/16, 18:09:16.088, 3120224436815, vstest.console.dll, TestRequestSender.StartTestRun: Sending test run with message: {"Version":7,"MessageType":"TestExecution.StartWithSources","Payload":{"AdapterSourceMap":{"_none_":["D:\\Automation\\WWT-Automation\\bin\\Debug\\net8.0\\fine-code-coverage\\build-output\\WWT-Automation.dll"]},"RunSettings":"<RunSettings>\r\n  <RunConfiguration>\r\n    <ResultsDirectory>D:\\Automation\\WWT-Automation\\bin\\Debug\\net8.0\\fine-code-coverage\\coverage-tool-output</ResultsDirectory>\r\n    <TargetFrameworkVersion>.NETCoreApp,Version=v8.0</TargetFrameworkVersion>\r\n    <DesignMode>False</DesignMode>\r\n    <CollectSourceInformation>False</CollectSourceInformation>\r\n  </RunConfiguration>\r\n  <LoggerRunSettings>\r\n    <Loggers>\r\n      <Logger friendlyName=\"blame\" enabled=\"True\" />\r\n      <Logger friendlyName=\"Console\" uri=\"logger://microsoft/TestPlatform/ConsoleLogger/v1\" assemblyQualifiedName=\"Microsoft.VisualStudio.TestPlatform.CommandLine.Internal.ConsoleLogger, vstest.console, Version=15.0.0.0, Culture=neutral, PublicKeyToken=b03f5f7f11d50a3a\" codeBase=\"C:\\Program Files\\dotnet\\sdk\\9.0.304\\vstest.console.dll\" enabled=\"True\" />\r\n    </Loggers>\r\n  </LoggerRunSettings>\r\n  <DataCollectionRunSettings>\r\n    <DataCollectors>\r\n      <DataCollector friendlyName=\"blame\" enabled=\"True\">\r\n        <Configuration>\r\n          <ResultsDirectory>D:\\Automation\\WWT-Automation\\bin\\Debug\\net8.0\\fine-code-coverage\\coverage-tool-output</ResultsDirectory>\r\n        </Configuration>\r\n      </DataCollector>\r\n    </DataCollectors>\r\n  </DataCollectionRunSettings>\r\n</RunSettings>","TestExecutionContext":{"FrequencyOfRunStatsChangeEvent":10,"RunStatsChangeEventTimeout":"00:00:01.5000000","InIsolation":false,"KeepAlive":false,"AreTestCaseLevelEventsRequired":false,"IsDebug":false,"TestCaseFilter":null,"FilterOptions":null},"Package":null}}
TpTrace Verbose: 0 : 27432, 5, 2025/09/16, 18:09:16.088, 3120224437995, vstest.console.dll, ParallelProxyExecutionManager.StartTestRunOnConcurrentManager: Execution started. Started clients: 1
TpTrace Verbose: 0 : 27432, 13, 2025/09/16, 18:09:16.188, 3120225439089, vstest.console.dll, TcpClientExtensions.MessageLoopAsync: NotifyDataAvailable remoteEndPoint: 127.0.0.1:53222 localEndPoint: 127.0.0.1:53221
TpTrace Verbose: 0 : 27432, 13, 2025/09/16, 18:09:16.188, 3120225440106, vstest.console.dll, TestRequestSender.OnExecutionMessageReceived: Received message: {"Version":7,"MessageType":"TestSession.Message","Payload":{"MessageLevel":0,"Message":"NUnit Adapter 4.5.0.0: Test execution started"}}
TpTrace Verbose: 0 : 27432, 13, 2025/09/16, 18:09:16.188, 3120225441458, vstest.console.dll, TestRunRequest:SendTestRunMessage: Starting.
TpTrace Verbose: 0 : 27432, 13, 2025/09/16, 18:09:16.188, 3120225441917, vstest.console.dll, MulticastDelegateUtilities.SafeInvoke: TestRun.LogMessages: Invoking callback 1/1 for Microsoft.VisualStudio.TestPlatform.CommandLine.TestRunResultAggregator., took 0 ms.
TpTrace Information: 0 : 27432, 13, 2025/09/16, 18:09:16.188, 3120225442186, vstest.console.dll, TestRunRequest:SendTestRunMessage: Completed.
TpTrace Verbose: 0 : 27432, 4, 2025/09/16, 18:09:16.188, 3120225442156, vstest.console.dll, MulticastDelegateUtilities.SafeInvoke: InternalTestLoggerEvents.SendTestRunMessage: Invoking callback 1/1 for Microsoft.VisualStudio.TestPlatform.CommandLine.Internal.ConsoleLogger., took 0 ms.
TpTrace Verbose: 0 : 27432, 13, 2025/09/16, 18:09:16.188, 3120225442496, vstest.console.dll, MulticastDelegateUtilities.SafeInvoke: LengthPrefixCommunicationChannel: MessageReceived: Invoking callback 1/1 for Microsoft.VisualStudio.TestPlatform.CommunicationUtilities.TestRequestSender+<>c__DisplayClass34_0., took 0 ms.
TpTrace Verbose: 0 : 27432, 13, 2025/09/16, 18:09:16.189, 3120225443374, vstest.console.dll, TcpClientExtensions.MessageLoopAsync: Polling on remoteEndPoint: 127.0.0.1:53222 localEndPoint: 127.0.0.1:53221 after 102 ms
TpTrace Verbose: 0 : 27432, 13, 2025/09/16, 18:09:16.205, 3120225608634, vstest.console.dll, TcpClientExtensions.MessageLoopAsync: NotifyDataAvailable remoteEndPoint: 127.0.0.1:53222 localEndPoint: 127.0.0.1:53221
TpTrace Verbose: 0 : 27432, 13, 2025/09/16, 18:09:16.205, 3120225609700, vstest.console.dll, TestRequestSender.OnExecutionMessageReceived: Received message: {"Version":7,"MessageType":"TestSession.Message","Payload":{"MessageLevel":0,"Message":"Running all tests in D:\\Automation\\WWT-Automation\\bin\\Debug\\net8.0\\fine-code-coverage\\build-output\\WWT-Automation.dll"}}
TpTrace Verbose: 0 : 27432, 13, 2025/09/16, 18:09:16.205, 3120225610545, vstest.console.dll, TestRunRequest:SendTestRunMessage: Starting.
TpTrace Verbose: 0 : 27432, 13, 2025/09/16, 18:09:16.205, 3120225610971, vstest.console.dll, MulticastDelegateUtilities.SafeInvoke: TestRun.LogMessages: Invoking callback 1/1 for Microsoft.VisualStudio.TestPlatform.CommandLine.TestRunResultAggregator., took 0 ms.
TpTrace Verbose: 0 : 27432, 4, 2025/09/16, 18:09:16.205, 3120225611210, vstest.console.dll, MulticastDelegateUtilities.SafeInvoke: InternalTestLoggerEvents.SendTestRunMessage: Invoking callback 1/1 for Microsoft.VisualStudio.TestPlatform.CommandLine.Internal.ConsoleLogger., took 0 ms.
TpTrace Information: 0 : 27432, 13, 2025/09/16, 18:09:16.205, 3120225611290, vstest.console.dll, TestRunRequest:SendTestRunMessage: Completed.
TpTrace Verbose: 0 : 27432, 13, 2025/09/16, 18:09:16.205, 3120225612147, vstest.console.dll, MulticastDelegateUtilities.SafeInvoke: LengthPrefixCommunicationChannel: MessageReceived: Invoking callback 1/1 for Microsoft.VisualStudio.TestPlatform.CommunicationUtilities.TestRequestSender+<>c__DisplayClass34_0., took 0 ms.
TpTrace Verbose: 0 : 27432, 13, 2025/09/16, 18:09:16.205, 3120225612438, vstest.console.dll, TcpClientExtensions.MessageLoopAsync: Polling on remoteEndPoint: 127.0.0.1:53222 localEndPoint: 127.0.0.1:53221 after 16 ms
TpTrace Verbose: 0 : 27432, 13, 2025/09/16, 18:09:16.280, 3120226361713, vstest.console.dll, TcpClientExtensions.MessageLoopAsync: NotifyDataAvailable remoteEndPoint: 127.0.0.1:53222 localEndPoint: 127.0.0.1:53221
TpTrace Verbose: 0 : 27432, 13, 2025/09/16, 18:09:16.281, 3120226362830, vstest.console.dll, TestRequestSender.OnExecutionMessageReceived: Received message: {"Version":7,"MessageType":"TestSession.Message","Payload":{"MessageLevel":0,"Message":"   NUnit3TestExecutor discovered 4 of 4 NUnit test cases using Current Discovery mode, Non-Explicit run"}}
TpTrace Verbose: 0 : 27432, 13, 2025/09/16, 18:09:16.281, 3120226363616, vstest.console.dll, TestRunRequest:SendTestRunMessage: Starting.
TpTrace Verbose: 0 : 27432, 13, 2025/09/16, 18:09:16.281, 3120226364042, vstest.console.dll, MulticastDelegateUtilities.SafeInvoke: TestRun.LogMessages: Invoking callback 1/1 for Microsoft.VisualStudio.TestPlatform.CommandLine.TestRunResultAggregator., took 0 ms.
TpTrace Verbose: 0 : 27432, 4, 2025/09/16, 18:09:16.281, 3120226364370, vstest.console.dll, MulticastDelegateUtilities.SafeInvoke: InternalTestLoggerEvents.SendTestRunMessage: Invoking callback 1/1 for Microsoft.VisualStudio.TestPlatform.CommandLine.Internal.ConsoleLogger., took 0 ms.
TpTrace Information: 0 : 27432, 13, 2025/09/16, 18:09:16.281, 3120226364424, vstest.console.dll, TestRunRequest:SendTestRunMessage: Completed.
TpTrace Verbose: 0 : 27432, 13, 2025/09/16, 18:09:16.281, 3120226365237, vstest.console.dll, MulticastDelegateUtilities.SafeInvoke: LengthPrefixCommunicationChannel: MessageReceived: Invoking callback 1/1 for Microsoft.VisualStudio.TestPlatform.CommunicationUtilities.TestRequestSender+<>c__DisplayClass34_0., took 0 ms.
TpTrace Verbose: 0 : 27432, 13, 2025/09/16, 18:09:16.281, 3120226365547, vstest.console.dll, TcpClientExtensions.MessageLoopAsync: Polling on remoteEndPoint: 127.0.0.1:53222 localEndPoint: 127.0.0.1:53221 after 75 ms
TpTrace Verbose: 0 : 27432, 13, 2025/09/16, 18:09:17.283, 3120236390577, vstest.console.dll, TcpClientExtensions.MessageLoopAsync: Polling on remoteEndPoint: 127.0.0.1:53222 localEndPoint: 127.0.0.1:53221 after 1002 ms
TpTrace Verbose: 0 : 27432, 13, 2025/09/16, 18:09:17.655, 3120240105940, vstest.console.dll, TcpClientExtensions.MessageLoopAsync: NotifyDataAvailable remoteEndPoint: 127.0.0.1:53222 localEndPoint: 127.0.0.1:53221
TpTrace Verbose: 0 : 27432, 13, 2025/09/16, 18:09:17.655, 3120240107825, vstest.console.dll, TestRequestSender.OnExecutionMessageReceived: Received message: {"Version":7,"MessageType":"TestExecution.StatsChange","Payload":{"NewTestResults":[],"TestRunStatistics":{"ExecutedTests":0,"Stats":{}},"ActiveTests":[{"Id":"1d138616-26a8-8378-1bb0-e830bc21462a","FullyQualifiedName":"WWT_Automation.Tests.AdminTool.SignIn.SignIn_InvalidPassword_ErrorMessage","DisplayName":"SignIn_InvalidPassword_ErrorMessage","ExecutorUri":"executor://NUnit3TestExecutor","Source":"D:\\Automation\\WWT-Automation\\bin\\Debug\\net8.0\\fine-code-coverage\\build-output\\WWT-Automation.dll","CodeFilePath":null,"LineNumber":0,"Properties":[{"Key":{"Id":"NUnit.Seed","Label":"Seed","Category":"","Description":"","Attributes":0,"ValueType":"System.String"},"Value":"1025763520"}]}]}}
TpTrace Verbose: 0 : 27432, 13, 2025/09/16, 18:09:17.667, 3120240226228, vstest.console.dll, TestRunRequest:SendTestRunStatsChange: Starting.
TpTrace Verbose: 0 : 27432, 13, 2025/09/16, 18:09:17.667, 3120240227449, vstest.console.dll, InProgress is SignIn_InvalidPassword_ErrorMessage
TpTrace Verbose: 0 : 27432, 13, 2025/09/16, 18:09:17.667, 3120240228284, vstest.console.dll, MulticastDelegateUtilities.SafeInvoke: TestRun.RunStatsChanged: Invoking callbacks was skipped because there are no subscribers.
TpTrace Information: 0 : 27432, 13, 2025/09/16, 18:09:17.667, 3120240228613, vstest.console.dll, TestRunRequest:SendTestRunStatsChange: Completed.
TpTrace Verbose: 0 : 27432, 13, 2025/09/16, 18:09:17.667, 3120240228912, vstest.console.dll, MulticastDelegateUtilities.SafeInvoke: LengthPrefixCommunicationChannel: MessageReceived: Invoking callback 1/1 for Microsoft.VisualStudio.TestPlatform.CommunicationUtilities.TestRequestSender+<>c__DisplayClass34_0., took 12 ms.
TpTrace Verbose: 0 : 27432, 13, 2025/09/16, 18:09:17.667, 3120240229215, vstest.console.dll, TcpClientExtensions.MessageLoopAsync: Polling on remoteEndPoint: 127.0.0.1:53222 localEndPoint: 127.0.0.1:53221 after 383 ms
TpTrace Verbose: 0 : 27432, 13, 2025/09/16, 18:09:18.672, 3120250280145, vstest.console.dll, TcpClientExtensions.MessageLoopAsync: Polling on remoteEndPoint: 127.0.0.1:53222 localEndPoint: 127.0.0.1:53221 after 1005 ms
TpTrace Verbose: 0 : 27432, 13, 2025/09/16, 18:09:19.167, 3120255231004, vstest.console.dll, TcpClientExtensions.MessageLoopAsync: NotifyDataAvailable remoteEndPoint: 127.0.0.1:53222 localEndPoint: 127.0.0.1:53221
TpTrace Verbose: 0 : 27432, 13, 2025/09/16, 18:09:19.168, 3120255233044, vstest.console.dll, TestRequestSender.OnExecutionMessageReceived: Received message: {"Version":7,"MessageType":"TestExecution.StatsChange","Payload":{"NewTestResults":[{"TestCase":{"Id":"1d138616-26a8-8378-1bb0-e830bc21462a","FullyQualifiedName":"WWT_Automation.Tests.AdminTool.SignIn.SignIn_InvalidPassword_ErrorMessage","DisplayName":"SignIn_InvalidPassword_ErrorMessage","ExecutorUri":"executor://NUnit3TestExecutor","Source":"D:\\Automation\\WWT-Automation\\bin\\Debug\\net8.0\\fine-code-coverage\\build-output\\WWT-Automation.dll","CodeFilePath":null,"LineNumber":0,"Properties":[{"Key":{"Id":"NUnit.Seed","Label":"Seed","Category":"","Description":"","Attributes":0,"ValueType":"System.String"},"Value":"1025763520"}]},"Attachments":[],"Outcome":1,"ErrorMessage":null,"ErrorStackTrace":null,"DisplayName":"SignIn_InvalidPassword_ErrorMessage","Messages":[],"ComputerName":"ITSM-738","Duration":"00:00:01.6087360","StartTime":"2025-09-16T16:09:16.3008599+00:00","EndTime":"2025-09-16T16:09:17.9095119+00:00","Properties":[{"Key":{"Id":"NUnit.Seed","Label":"Seed","Category":"","Description":"","Attributes":0,"ValueType":"System.String"},"Value":"1025763520"}]}],"TestRunStatistics":{"ExecutedTests":1,"Stats":{"Passed":1}},"ActiveTests":[{"Id":"75706411-ca80-5f69-3353-a87307103444","FullyQualifiedName":"WWT_Automation.Tests.AdminTool.SignIn.SignIn_InvalidUsername_ErrorMessage","DisplayName":"SignIn_InvalidUsername_ErrorMessage","ExecutorUri":"executor://NUnit3TestExecutor","Source":"D:\\Automation\\WWT-Automation\\bin\\Debug\\net8.0\\fine-code-coverage\\build-output\\WWT-Automation.dll","CodeFilePath":null,"LineNumber":0,"Properties":[{"Key":{"Id":"NUnit.Seed","Label":"Seed","Category":"","Description":"","Attributes":0,"ValueType":"System.String"},"Value":"308209956"}]}]}}
TpTrace Verbose: 0 : 27432, 13, 2025/09/16, 18:09:19.173, 3120255292031, vstest.console.dll, TestRunRequest:SendTestRunStatsChange: Starting.
TpTrace Verbose: 0 : 27432, 13, 2025/09/16, 18:09:19.174, 3120255292837, vstest.console.dll, InProgress is SignIn_InvalidUsername_ErrorMessage
TpTrace Verbose: 0 : 27432, 13, 2025/09/16, 18:09:19.174, 3120255293984, vstest.console.dll, MulticastDelegateUtilities.SafeInvoke: TestRun.RunStatsChanged: Invoking callbacks was skipped because there are no subscribers.
TpTrace Information: 0 : 27432, 13, 2025/09/16, 18:09:19.174, 3120255294422, vstest.console.dll, TestRunRequest:SendTestRunStatsChange: Completed.
TpTrace Verbose: 0 : 27432, 13, 2025/09/16, 18:09:19.174, 3120255294858, vstest.console.dll, MulticastDelegateUtilities.SafeInvoke: LengthPrefixCommunicationChannel: MessageReceived: Invoking callback 1/1 for Microsoft.VisualStudio.TestPlatform.CommunicationUtilities.TestRequestSender+<>c__DisplayClass34_0., took 6 ms.
TpTrace Verbose: 0 : 27432, 13, 2025/09/16, 18:09:19.174, 3120255295192, vstest.console.dll, TcpClientExtensions.MessageLoopAsync: Polling on remoteEndPoint: 127.0.0.1:53222 localEndPoint: 127.0.0.1:53221 after 501 ms
TpTrace Verbose: 0 : 27432, 4, 2025/09/16, 18:09:19.175, 3120255307040, vstest.console.dll, MulticastDelegateUtilities.SafeInvoke: InternalTestLoggerEvents.SendTestResult: Invoking callback 1/1 for Microsoft.VisualStudio.TestPlatform.CommandLine.Internal.ConsoleLogger., took 1 ms.
TpTrace Verbose: 0 : 27432, 13, 2025/09/16, 18:09:20.178, 3120265333310, vstest.console.dll, TcpClientExtensions.MessageLoopAsync: Polling on remoteEndPoint: 127.0.0.1:53222 localEndPoint: 127.0.0.1:53221 after 1003 ms
TpTrace Verbose: 0 : 27432, 13, 2025/09/16, 18:09:20.671, 3120270264028, vstest.console.dll, TcpClientExtensions.MessageLoopAsync: NotifyDataAvailable remoteEndPoint: 127.0.0.1:53222 localEndPoint: 127.0.0.1:53221
TpTrace Verbose: 0 : 27432, 13, 2025/09/16, 18:09:20.671, 3120270265622, vstest.console.dll, TestRequestSender.OnExecutionMessageReceived: Received message: {"Version":7,"MessageType":"TestExecution.StatsChange","Payload":{"NewTestResults":[{"TestCase":{"Id":"75706411-ca80-5f69-3353-a87307103444","FullyQualifiedName":"WWT_Automation.Tests.AdminTool.SignIn.SignIn_InvalidUsername_ErrorMessage","DisplayName":"SignIn_InvalidUsername_ErrorMessage","ExecutorUri":"executor://NUnit3TestExecutor","Source":"D:\\Automation\\WWT-Automation\\bin\\Debug\\net8.0\\fine-code-coverage\\build-output\\WWT-Automation.dll","CodeFilePath":null,"LineNumber":0,"Properties":[{"Key":{"Id":"NUnit.Seed","Label":"Seed","Category":"","Description":"","Attributes":0,"ValueType":"System.String"},"Value":"308209956"}]},"Attachments":[],"Outcome":1,"ErrorMessage":null,"ErrorStackTrace":null,"DisplayName":"SignIn_InvalidUsername_ErrorMessage","Messages":[],"ComputerName":"ITSM-738","Duration":"00:00:02.0259520","StartTime":"2025-09-16T16:09:17.910884+00:00","EndTime":"2025-09-16T16:09:19.936835+00:00","Properties":[{"Key":{"Id":"NUnit.Seed","Label":"Seed","Category":"","Description":"","Attributes":0,"ValueType":"System.String"},"Value":"308209956"}]}],"TestRunStatistics":{"ExecutedTests":2,"Stats":{"Passed":2}},"ActiveTests":[{"Id":"9df48537-7070-188c-0953-ff8ce55a3600","FullyQualifiedName":"WWT_Automation.Tests.AdminTool.SignIn.SignIn_ValidCredentials_SuccessfulSignIn","DisplayName":"SignIn_ValidCredentials_SuccessfulSignIn","ExecutorUri":"executor://NUnit3TestExecutor","Source":"D:\\Automation\\WWT-Automation\\bin\\Debug\\net8.0\\fine-code-coverage\\build-output\\WWT-Automation.dll","CodeFilePath":null,"LineNumber":0,"Properties":[{"Key":{"Id":"NUnit.Seed","Label":"Seed","Category":"","Description":"","Attributes":0,"ValueType":"System.String"},"Value":"16351402"}]}]}}
TpTrace Verbose: 0 : 27432, 13, 2025/09/16, 18:09:20.672, 3120270274486, vstest.console.dll, TestRunRequest:SendTestRunStatsChange: Starting.
TpTrace Verbose: 0 : 27432, 13, 2025/09/16, 18:09:20.672, 3120270274979, vstest.console.dll, InProgress is SignIn_ValidCredentials_SuccessfulSignIn
TpTrace Verbose: 0 : 27432, 13, 2025/09/16, 18:09:20.672, 3120270275405, vstest.console.dll, MulticastDelegateUtilities.SafeInvoke: TestRun.RunStatsChanged: Invoking callbacks was skipped because there are no subscribers.
TpTrace Information: 0 : 27432, 13, 2025/09/16, 18:09:20.672, 3120270275656, vstest.console.dll, TestRunRequest:SendTestRunStatsChange: Completed.
TpTrace Verbose: 0 : 27432, 13, 2025/09/16, 18:09:20.672, 3120270275960, vstest.console.dll, MulticastDelegateUtilities.SafeInvoke: LengthPrefixCommunicationChannel: MessageReceived: Invoking callback 1/1 for Microsoft.VisualStudio.TestPlatform.CommunicationUtilities.TestRequestSender+<>c__DisplayClass34_0., took 1 ms.
TpTrace Verbose: 0 : 27432, 13, 2025/09/16, 18:09:20.672, 3120270276317, vstest.console.dll, TcpClientExtensions.MessageLoopAsync: Polling on remoteEndPoint: 127.0.0.1:53222 localEndPoint: 127.0.0.1:53221 after 494 ms
TpTrace Verbose: 0 : 27432, 4, 2025/09/16, 18:09:20.672, 3120270277585, vstest.console.dll, MulticastDelegateUtilities.SafeInvoke: InternalTestLoggerEvents.SendTestResult: Invoking callback 1/1 for Microsoft.VisualStudio.TestPlatform.CommandLine.Internal.ConsoleLogger., took 0 ms.
TpTrace Verbose: 0 : 27432, 13, 2025/09/16, 18:09:21.676, 3120280314422, vstest.console.dll, TcpClientExtensions.MessageLoopAsync: Polling on remoteEndPoint: 127.0.0.1:53222 localEndPoint: 127.0.0.1:53221 after 1003 ms
TpTrace Verbose: 0 : 27432, 13, 2025/09/16, 18:09:22.677, 3120290326455, vstest.console.dll, TcpClientExtensions.MessageLoopAsync: Polling on remoteEndPoint: 127.0.0.1:53222 localEndPoint: 127.0.0.1:53221 after 1001 ms
TpTrace Verbose: 0 : 27432, 13, 2025/09/16, 18:09:22.809, 3120291646619, vstest.console.dll, TcpClientExtensions.MessageLoopAsync: NotifyDataAvailable remoteEndPoint: 127.0.0.1:53222 localEndPoint: 127.0.0.1:53221
TpTrace Verbose: 0 : 27432, 13, 2025/09/16, 18:09:22.809, 3120291648140, vstest.console.dll, TestRequestSender.OnExecutionMessageReceived: Received message: {"Version":7,"MessageType":"TestExecution.StatsChange","Payload":{"NewTestResults":[{"TestCase":{"Id":"9df48537-7070-188c-0953-ff8ce55a3600","FullyQualifiedName":"WWT_Automation.Tests.AdminTool.SignIn.SignIn_ValidCredentials_SuccessfulSignIn","DisplayName":"SignIn_ValidCredentials_SuccessfulSignIn","ExecutorUri":"executor://NUnit3TestExecutor","Source":"D:\\Automation\\WWT-Automation\\bin\\Debug\\net8.0\\fine-code-coverage\\build-output\\WWT-Automation.dll","CodeFilePath":null,"LineNumber":0,"Properties":[{"Key":{"Id":"NUnit.Seed","Label":"Seed","Category":"","Description":"","Attributes":0,"ValueType":"System.String"},"Value":"16351402"}]},"Attachments":[],"Outcome":1,"ErrorMessage":null,"ErrorStackTrace":null,"DisplayName":"SignIn_ValidCredentials_SuccessfulSignIn","Messages":[],"ComputerName":"ITSM-738","Duration":"00:00:02.8702730","StartTime":"2025-09-16T16:09:19.9369055+00:00","EndTime":"2025-09-16T16:09:22.8071776+00:00","Properties":[{"Key":{"Id":"NUnit.Seed","Label":"Seed","Category":"","Description":"","Attributes":0,"ValueType":"System.String"},"Value":"16351402"}]}],"TestRunStatistics":{"ExecutedTests":3,"Stats":{"Passed":3}},"ActiveTests":[{"Id":"113290f1-28d2-b4e5-8642-09c27e899f77","FullyQualifiedName":"WWT_Automation.Tests.AdminTool.SignIn.SignIn_ValidCredentialsWith2FA_6DigitScreenAppears","DisplayName":"SignIn_ValidCredentialsWith2FA_6DigitScreenAppears","ExecutorUri":"executor://NUnit3TestExecutor","Source":"D:\\Automation\\WWT-Automation\\bin\\Debug\\net8.0\\fine-code-coverage\\build-output\\WWT-Automation.dll","CodeFilePath":null,"LineNumber":0,"Properties":[{"Key":{"Id":"NUnit.Seed","Label":"Seed","Category":"","Description":"","Attributes":0,"ValueType":"System.String"},"Value":"2067634322"}]}]}}
TpTrace Verbose: 0 : 27432, 13, 2025/09/16, 18:09:22.809, 3120291652013, vstest.console.dll, TestRunRequest:SendTestRunStatsChange: Starting.
TpTrace Verbose: 0 : 27432, 13, 2025/09/16, 18:09:22.809, 3120291652507, vstest.console.dll, InProgress is SignIn_ValidCredentialsWith2FA_6DigitScreenAppears
TpTrace Verbose: 0 : 27432, 13, 2025/09/16, 18:09:22.810, 3120291652888, vstest.console.dll, MulticastDelegateUtilities.SafeInvoke: TestRun.RunStatsChanged: Invoking callbacks was skipped because there are no subscribers.
TpTrace Information: 0 : 27432, 13, 2025/09/16, 18:09:22.810, 3120291653139, vstest.console.dll, TestRunRequest:SendTestRunStatsChange: Completed.
TpTrace Verbose: 0 : 27432, 13, 2025/09/16, 18:09:22.810, 3120291653411, vstest.console.dll, MulticastDelegateUtilities.SafeInvoke: LengthPrefixCommunicationChannel: MessageReceived: Invoking callback 1/1 for Microsoft.VisualStudio.TestPlatform.CommunicationUtilities.TestRequestSender+<>c__DisplayClass34_0., took 0 ms.
TpTrace Verbose: 0 : 27432, 4, 2025/09/16, 18:09:22.810, 3120291653749, vstest.console.dll, MulticastDelegateUtilities.SafeInvoke: InternalTestLoggerEvents.SendTestResult: Invoking callback 1/1 for Microsoft.VisualStudio.TestPlatform.CommandLine.Internal.ConsoleLogger., took 0 ms.
TpTrace Verbose: 0 : 27432, 13, 2025/09/16, 18:09:22.810, 3120291653788, vstest.console.dll, TcpClientExtensions.MessageLoopAsync: Polling on remoteEndPoint: 127.0.0.1:53222 localEndPoint: 127.0.0.1:53221 after 132 ms
TpTrace Verbose: 0 : 27432, 13, 2025/09/16, 18:09:23.812, 3120301674541, vstest.console.dll, TcpClientExtensions.MessageLoopAsync: Polling on remoteEndPoint: 127.0.0.1:53222 localEndPoint: 127.0.0.1:53221 after 1001 ms
TpTrace Verbose: 0 : 27432, 13, 2025/09/16, 18:09:24.822, 3120311772841, vstest.console.dll, TcpClientExtensions.MessageLoopAsync: Polling on remoteEndPoint: 127.0.0.1:53222 localEndPoint: 127.0.0.1:53221 after 1009 ms
TpTrace Verbose: 0 : 27432, 13, 2025/09/16, 18:09:25.824, 3120321792814, vstest.console.dll, TcpClientExtensions.MessageLoopAsync: Polling on remoteEndPoint: 127.0.0.1:53222 localEndPoint: 127.0.0.1:53221 after 1001 ms
TpTrace Verbose: 0 : 27432, 13, 2025/09/16, 18:09:26.607, 3120329629793, vstest.console.dll, TcpClientExtensions.MessageLoopAsync: NotifyDataAvailable remoteEndPoint: 127.0.0.1:53222 localEndPoint: 127.0.0.1:53221
TpTrace Verbose: 0 : 27432, 13, 2025/09/16, 18:09:26.607, 3120329630854, vstest.console.dll, TestRequestSender.OnExecutionMessageReceived: Received message: {"Version":7,"MessageType":"TestSession.Message","Payload":{"MessageLevel":0,"Message":"NUnit Adapter 4.5.0.0: Test execution complete"}}
TpTrace Verbose: 0 : 27432, 13, 2025/09/16, 18:09:26.607, 3120329631719, vstest.console.dll, TestRunRequest:SendTestRunMessage: Starting.
TpTrace Verbose: 0 : 27432, 13, 2025/09/16, 18:09:26.607, 3120329632191, vstest.console.dll, MulticastDelegateUtilities.SafeInvoke: TestRun.LogMessages: Invoking callback 1/1 for Microsoft.VisualStudio.TestPlatform.CommandLine.TestRunResultAggregator., took 0 ms.
TpTrace Verbose: 0 : 27432, 4, 2025/09/16, 18:09:26.607, 3120329632366, vstest.console.dll, MulticastDelegateUtilities.SafeInvoke: InternalTestLoggerEvents.SendTestRunMessage: Invoking callback 1/1 for Microsoft.VisualStudio.TestPlatform.CommandLine.Internal.ConsoleLogger., took 0 ms.
TpTrace Information: 0 : 27432, 13, 2025/09/16, 18:09:26.607, 3120329632426, vstest.console.dll, TestRunRequest:SendTestRunMessage: Completed.
TpTrace Verbose: 0 : 27432, 13, 2025/09/16, 18:09:26.608, 3120329633153, vstest.console.dll, MulticastDelegateUtilities.SafeInvoke: LengthPrefixCommunicationChannel: MessageReceived: Invoking callback 1/1 for Microsoft.VisualStudio.TestPlatform.CommunicationUtilities.TestRequestSender+<>c__DisplayClass34_0., took 0 ms.
TpTrace Verbose: 0 : 27432, 13, 2025/09/16, 18:09:26.608, 3120329633438, vstest.console.dll, TcpClientExtensions.MessageLoopAsync: Polling on remoteEndPoint: 127.0.0.1:53222 localEndPoint: 127.0.0.1:53221 after 783 ms
TpTrace Verbose: 0 : 27432, 13, 2025/09/16, 18:09:26.617, 3120329728440, vstest.console.dll, TcpClientExtensions.MessageLoopAsync: NotifyDataAvailable remoteEndPoint: 127.0.0.1:53222 localEndPoint: 127.0.0.1:53221
TpTrace Verbose: 0 : 27432, 13, 2025/09/16, 18:09:26.617, 3120329730154, vstest.console.dll, TestRequestSender.OnExecutionMessageReceived: Received message: {"Version":7,"MessageType":"TestExecution.Completed","Payload":{"TestRunCompleteArgs":{"TestRunStatistics":{"ExecutedTests":4,"Stats":{"Passed":4}},"IsCanceled":false,"IsAborted":false,"Error":null,"AttachmentSets":[],"InvokedDataCollectors":[],"ElapsedTimeInRunningTests":"00:00:10.4357445","Metrics":{},"DiscoveredExtensions":{"TestDiscoverers":["NUnit.VisualStudio.TestAdapter.NUnit3TestDiscoverer, NUnit3.TestAdapter, Version=4.5.0.0, Culture=neutral, PublicKeyToken=4cb40d35494691ac"],"TestExecutors":["executor://NUnit3TestExecutor"],"TestExecutors2":[],"TestSettingsProviders":[]}},"LastRunTests":{"NewTestResults":[{"TestCase":{"Id":"113290f1-28d2-b4e5-8642-09c27e899f77","FullyQualifiedName":"WWT_Automation.Tests.AdminTool.SignIn.SignIn_ValidCredentialsWith2FA_6DigitScreenAppears","DisplayName":"SignIn_ValidCredentialsWith2FA_6DigitScreenAppears","ExecutorUri":"executor://NUnit3TestExecutor","Source":"D:\\Automation\\WWT-Automation\\bin\\Debug\\net8.0\\fine-code-coverage\\build-output\\WWT-Automation.dll","CodeFilePath":null,"LineNumber":0,"Properties":[{"Key":{"Id":"NUnit.Seed","Label":"Seed","Category":"","Description":"","Attributes":0,"ValueType":"System.String"},"Value":"2067634322"}]},"Attachments":[],"Outcome":1,"ErrorMessage":null,"ErrorStackTrace":null,"DisplayName":"SignIn_ValidCredentialsWith2FA_6DigitScreenAppears","Messages":[],"ComputerName":"ITSM-738","Duration":"00:00:03.7957580","StartTime":"2025-09-16T16:09:22.8072107+00:00","EndTime":"2025-09-16T16:09:26.6029681+00:00","Properties":[{"Key":{"Id":"NUnit.Seed","Label":"Seed","Category":"","Description":"","Attributes":0,"ValueType":"System.String"},"Value":"2067634322"}]}],"TestRunStatistics":{"ExecutedTests":4,"Stats":{"Passed":4}},"ActiveTests":[]},"RunAttachments":[],"ExecutorUris":["executor://nunit3testexecutor/"]}}
TpTrace Verbose: 0 : 27432, 13, 2025/09/16, 18:09:26.617, 3120329731024, vstest.console.dll, TestRequestSender.EndSession: Sending end session.
TpTrace Verbose: 0 : 27432, 13, 2025/09/16, 18:09:26.617, 3120329732412, vstest.console.dll, ProxyOperationManager.Close: waiting for test host to exit for 100 ms
TpTrace Warning: 0 : 27432, 9, 2025/09/16, 18:09:26.634, 3120329895256, vstest.console.dll, TestHostManagerCallbacks.ErrorReceivedCallback Test host standard error line: 
TpTrace Verbose: 0 : 27432, 11, 2025/09/16, 18:09:26.634, 3120329895241, vstest.console.dll, TestHostManagerCallbacks.StandardOutputReceivedCallback Test host standard output line: 
TpTrace Verbose: 0 : 27432, 11, 2025/09/16, 18:09:26.645, 3120330003134, vstest.console.dll, TestHostProvider.ExitCallBack: Host exited starting callback.
TpTrace Information: 0 : 27432, 11, 2025/09/16, 18:09:26.645, 3120330004101, vstest.console.dll, TestHostManagerCallbacks.ExitCallBack: Testhost processId: 5080 exited with exitcode: 0 error: ''
TpTrace Verbose: 0 : 27432, 11, 2025/09/16, 18:09:26.645, 3120330004499, vstest.console.dll, DotnetTestHostManager.OnHostExited: invoking OnHostExited callback
TpTrace Verbose: 0 : 27432, 11, 2025/09/16, 18:09:26.645, 3120330005084, vstest.console.dll, CrossPlatEngine.TestHostManagerHostExited: calling on client process exit callback.
TpTrace Information: 0 : 27432, 11, 2025/09/16, 18:09:26.645, 3120330005519, vstest.console.dll, TestRequestSender.OnClientProcessExit: Test host process exited. Standard error: 
TpTrace Information: 0 : 27432, 13, 2025/09/16, 18:09:26.645, 3120330005785, vstest.console.dll, SocketServer.Stop: Stop server endPoint: 127.0.0.1:53221
TpTrace Information: 0 : 27432, 13, 2025/09/16, 18:09:26.645, 3120330006275, vstest.console.dll, SocketServer.Stop: Cancellation requested. Stopping message loop.
TpTrace Information: 0 : 27432, 11, 2025/09/16, 18:09:26.645, 3120330006051, vstest.console.dll, SocketServer.Stop: Stop server endPoint: 127.0.0.1:53221
TpTrace Information: 0 : 27432, 11, 2025/09/16, 18:09:26.645, 3120330006866, vstest.console.dll, SocketServer.Stop: Cancellation requested. Stopping message loop.
TpTrace Information: 0 : 27432, 13, 2025/09/16, 18:09:26.645, 3120330007067, vstest.console.dll, Closing the connection
TpTrace Verbose: 0 : 27432, 11, 2025/09/16, 18:09:26.645, 3120330007155, vstest.console.dll, MulticastDelegateUtilities.SafeInvoke: HostProviderEvents.OnHostExited: Invoking callback 1/1 for Microsoft.VisualStudio.TestPlatform.CrossPlatEngine.Client.ProxyOperationManager., took 0 ms.
TpTrace Verbose: 0 : 27432, 13, 2025/09/16, 18:09:26.645, 3120330008922, vstest.console.dll, ProxyDataCollectionManager.InvokeDataCollectionServiceAction: Starting.
TpTrace Information: 0 : 27432, 13, 2025/09/16, 18:09:26.645, 3120330009325, vstest.console.dll, ProxyDataCollectionManager.AfterTestRunEnd: Get attachment set and invoked data collectors processId: 11540 port: 53218
TpTrace Verbose: 0 : 27432, 13, 2025/09/16, 18:09:26.645, 3120330009724, vstest.console.dll, DataCollectionRequestSender.SendAfterTestRunStartAndGetResult: Send AfterTestRunEnd message with isCancelled: False
TpTrace Verbose: 0 : 27432, 13, 2025/09/16, 18:09:26.650, 3120330056925, vstest.console.dll, DataCollectionRequestSender.SendAfterTestRunStartAndGetResult: Received message: (DataCollection.AfterTestRunEndResult) -> {"MessageType":"DataCollection.AfterTestRunEndResult","Payload":{"AttachmentSets":[],"InvokedDataCollectors":[{"Uri":"datacollector://Microsoft/TestPlatform/Extensions/Blame/v1","FriendlyName":"Blame","AssemblyQualifiedName":"Microsoft.TestPlatform.Extensions.BlameDataCollector.BlameCollector, Microsoft.TestPlatform.Extensions.BlameDataCollector, Version=15.0.0.0, Culture=neutral, PublicKeyToken=b03f5f7f11d50a3a","FilePath":"C:\\Program Files\\dotnet\\sdk\\9.0.304\\Extensions\\Microsoft.TestPlatform.Extensions.BlameDataCollector.dll","HasAttachmentProcessor":false}],"Metrics":{}}}
TpTrace Information: 0 : 27432, 13, 2025/09/16, 18:09:26.653, 3120330088457, vstest.console.dll, ProxyDataCollectionManager.InvokeDataCollectionServiceAction: Completed.
TpTrace Warning: 0 : 27432, 10, 2025/09/16, 18:09:26.667, 3120330229013, vstest.console.dll, DataCollectionLauncher.ErrorReceivedCallback datacollector standard error line: 
TpTrace Information: 0 : 27432, 10, 2025/09/16, 18:09:26.668, 3120330237568, vstest.console.dll, DataCollectionLauncher.ExitCallBack: Data collector exited with exitcode: 0 error: ''
TpTrace Verbose: 0 : 27432, 13, 2025/09/16, 18:09:26.679, 3120330343650, vstest.console.dll, TestRunRequest:SendTestRunStatsChange: Starting.
TpTrace Verbose: 0 : 27432, 13, 2025/09/16, 18:09:26.679, 3120330344479, vstest.console.dll, MulticastDelegateUtilities.SafeInvoke: TestRun.RunStatsChanged: Invoking callbacks was skipped because there are no subscribers.
TpTrace Information: 0 : 27432, 13, 2025/09/16, 18:09:26.679, 3120330344734, vstest.console.dll, TestRunRequest:SendTestRunStatsChange: Completed.
TpTrace Verbose: 0 : 27432, 4, 2025/09/16, 18:09:26.679, 3120330345065, vstest.console.dll, MulticastDelegateUtilities.SafeInvoke: InternalTestLoggerEvents.SendTestResult: Invoking callback 1/1 for Microsoft.VisualStudio.TestPlatform.CommandLine.Internal.ConsoleLogger., took 0 ms.
TpTrace Verbose: 0 : 27432, 13, 2025/09/16, 18:09:26.679, 3120330346844, vstest.console.dll, ParallelProxyExecutionManager: HandlePartialRunComplete: Total workloads = 1, Total started clients = 1 Total completed clients = 1, Run complete = True, Run canceled: False.
TpTrace Verbose: 0 : 27432, 13, 2025/09/16, 18:09:26.679, 3120330347204, vstest.console.dll, ParallelProxyExecutionManager: HandlePartialRunComplete: All runs completed stopping all managers.
TpTrace Verbose: 0 : 27432, 13, 2025/09/16, 18:09:26.679, 3120330347469, vstest.console.dll, ParallelOperationManager.StopAllManagers: Stopping all managers.
TpTrace Verbose: 0 : 27432, 13, 2025/09/16, 18:09:26.679, 3120330347712, vstest.console.dll, ParallelOperationManager.ClearSlots: Clearing all slots. Slots should accept more work: False
TpTrace Verbose: 0 : 27432, 13, 2025/09/16, 18:09:26.679, 3120330348047, vstest.console.dll, ParallelOperationManager.SetOccupiedSlotCount: Setting slot counts AvailableSlotCount = 1, OccupiedSlotCount = 0.
TpTrace Verbose: 0 : 27432, 13, 2025/09/16, 18:09:26.679, 3120330348419, vstest.console.dll, Occupied slots:

TpTrace Verbose: 0 : 27432, 4, 2025/09/16, 18:09:26.684, 3120330401887, vstest.console.dll, MulticastDelegateUtilities.SafeInvoke: InternalTestLoggerEvents.SendTestRunComplete: Invoking callback 1/2 for Microsoft.TestPlatform.Extensions.BlameDataCollector.BlameLogger., took 0 ms.
TpTrace Verbose: 0 : 27432, 4, 2025/09/16, 18:09:26.688, 3120330436149, vstest.console.dll, MulticastDelegateUtilities.SafeInvoke: InternalTestLoggerEvents.SendTestRunComplete: Invoking callback 2/2 for Microsoft.VisualStudio.TestPlatform.CommandLine.Internal.ConsoleLogger., took 3 ms.
TpTrace Verbose: 0 : 27432, 13, 2025/09/16, 18:09:26.688, 3120330437996, vstest.console.dll, TestRunRequest:TestRunComplete: Starting. IsAborted:False IsCanceled:False.
TpTrace Verbose: 0 : 27432, 13, 2025/09/16, 18:09:26.688, 3120330439205, vstest.console.dll, ParallelOperationManager.DoActionOnAllManagers: Calling an action on all managers.
TpTrace Verbose: 0 : 27432, 13, 2025/09/16, 18:09:26.689, 3120330444410, vstest.console.dll, TestLoggerManager.HandleTestRunComplete: Ignoring as the object is disposed.
TpTrace Verbose: 0 : 27432, 13, 2025/09/16, 18:09:26.689, 3120330445675, vstest.console.dll, MulticastDelegateUtilities.SafeInvoke: TestRun.TestRunComplete: Invoking callback 1/2 for Microsoft.VisualStudio.TestPlatform.CommandLine.TestRunResultAggregator., took 0 ms.
TpTrace Verbose: 0 : 27432, 13, 2025/09/16, 18:09:26.689, 3120330446414, vstest.console.dll, MulticastDelegateUtilities.SafeInvoke: TestRun.TestRunComplete: Invoking callback 2/2 for Microsoft.VisualStudio.TestPlatform.CommandLine.Processors.RunTestsArgumentExecutor+TestRunRequestEventsRegistrar., took 0 ms.
TpTrace Information: 0 : 27432, 13, 2025/09/16, 18:09:26.689, 3120330447038, vstest.console.dll, TestRunRequest:TestRunComplete: Completed.
TpTrace Verbose: 0 : 27432, 2, 2025/09/16, 18:09:26.689, 3120330447209, vstest.console.dll, TestRunRequest.Dispose: Starting.
TpTrace Verbose: 0 : 27432, 13, 2025/09/16, 18:09:26.689, 3120330447327, vstest.console.dll, TestRequestSender.SetOperationComplete: Setting operation complete.
TpTrace Information: 0 : 27432, 2, 2025/09/16, 18:09:26.689, 3120330447747, vstest.console.dll, TestRunRequest.Dispose: Completed.
TpTrace Information: 0 : 27432, 13, 2025/09/16, 18:09:26.689, 3120330448021, vstest.console.dll, SocketServer.Stop: Stop server endPoint: 127.0.0.1:53221
TpTrace Information: 0 : 27432, 2, 2025/09/16, 18:09:26.689, 3120330448460, vstest.console.dll, TestRequestManager.RunTests: run tests completed.
TpTrace Information: 0 : 27432, 13, 2025/09/16, 18:09:26.689, 3120330448825, vstest.console.dll, SocketServer.Stop: Cancellation requested. Stopping message loop.
TpTrace Information: 0 : 27432, 2, 2025/09/16, 18:09:26.689, 3120330449178, vstest.console.dll, RunTestsArgumentProcessor:Execute: Test run is completed.
TpTrace Verbose: 0 : 27432, 13, 2025/09/16, 18:09:26.689, 3120330449207, vstest.console.dll, MulticastDelegateUtilities.SafeInvoke: LengthPrefixCommunicationChannel: MessageReceived: Invoking callback 1/1 for Microsoft.VisualStudio.TestPlatform.CommunicationUtilities.TestRequestSender+<>c__DisplayClass34_0., took 71 ms.
TpTrace Information: 0 : 27432, 13, 2025/09/16, 18:09:26.689, 3120330449851, vstest.console.dll, SocketServer.PrivateStop: Stopping server endPoint: 127.0.0.1:53221 error: 
TpTrace Verbose: 0 : 27432, 2, 2025/09/16, 18:09:26.689, 3120330450764, vstest.console.dll, Executor.Execute: Exiting with exit code of 0
TpTrace Verbose: 0 : 27432, 13, 2025/09/16, 18:09:26.689, 3120330452255, vstest.console.dll, LengthPrefixCommunicationChannel.Dispose: Dispose reader and writer.
TpTrace Information: 0 : 27432, 13, 2025/09/16, 18:09:26.689, 3120330452727, vstest.console.dll, SocketServer.Stop: Raise disconnected event endPoint: 127.0.0.1:53221 error: 
TpTrace Verbose: 0 : 27432, 13, 2025/09/16, 18:09:26.690, 3120330453171, vstest.console.dll, TestRequestSender: OnTestRunAbort: Operation is already complete. Skip error message.
TpTrace Verbose: 0 : 27432, 13, 2025/09/16, 18:09:26.690, 3120330453439, vstest.console.dll, MulticastDelegateUtilities.SafeInvoke: SocketServer: ClientDisconnected: Invoking callback 1/1 for Microsoft.VisualStudio.TestPlatform.CommunicationUtilities.TestRequestSender., took 0 ms.
TpTrace Verbose: 0 : 27432, 13, 2025/09/16, 18:09:26.690, 3120330453654, vstest.console.dll, TcpClientExtensions.MessageLoopAsync: exiting MessageLoopAsync remoteEndPoint: 127.0.0.1:53222 localEndPoint: 127.0.0.1:53221
